#
# There is insufficient memory for the Java Runtime Environment to continue.
# Native memory allocation (malloc) failed to allocate 2299808 bytes for Chunk::new
# Possible reasons:
#   The system is out of physical RAM or swap space
#   The process is running with CompressedOops enabled, and the Java Heap may be blocking the growth of the native heap
# Possible solutions:
#   Reduce memory load on the system
#   Increase physical memory or swap space
#   Check if swap backing store is full
#   Decrease Java heap size (-Xmx/-Xms)
#   Decrease number of Java threads
#   Decrease Java thread stack sizes (-Xss)
#   Set larger code cache with -XX:ReservedCodeCacheSize=
#   JVM is running with Unscaled Compressed Oops mode in which the Java heap is
#     placed in the first 4GB address space. The Java Heap base address is the
#     maximum limit for the native heap growth. Please use -XX:HeapBaseMinAddress
#     to set the Java Heap base and to place the Java Heap above 4GB virtual address.
# This output file may be truncated or incomplete.
#
#  Out of Memory Error (arena.cpp:189), pid=6796, tid=14016
#
# JRE version: Java(TM) SE Runtime Environment (17.0.9+11) (build 17.0.9+11-LTS-201)
# Java VM: Java HotSpot(TM) 64-Bit Server VM (17.0.9+11-LTS-201, mixed mode, sharing, tiered, compressed oops, compressed class ptrs, g1 gc, windows-amd64)
# No core dump will be written. Minidumps are not enabled by default on client versions of Windows
#

---------------  S U M M A R Y ------------

Command Line: org.jetbrains.kotlin.cli.jvm.K2JVMCompiler @E:\BridgeZones\BridgeZones\node_modules\react-native-screens\android\build\20240914_14869077436020098378.compiler.options

Host: Intel(R) Core(TM) i5-4300U CPU @ 1.90GHz, 4 cores, 7G,  Windows 10 , 64 bit Build 19041 (10.0.19041.4717)
Time: Sat Sep 14 12:15:11 2024 Pakistan Standard Time elapsed time: 103.126492 seconds (0d 0h 1m 43s)

---------------  T H R E A D  ---------------

Current thread (0x000002097f351990):  JavaThread "C2 CompilerThread0" daemon [_thread_in_native, id=14016, stack(0x000000d18b100000,0x000000d18b200000)]


Current CompileTask:
C2: 103126 17465       4       org.jetbrains.kotlin.ir.util.IrFakeOverrideUtilsKt::resolveFakeOverride (77 bytes)

Stack: [0x000000d18b100000,0x000000d18b200000]
Native frames: (J=compiled Java code, j=interpreted, Vv=VM code, C=native code)
V  [jvm.dll+0x678a4a]
V  [jvm.dll+0x7d9cfd]
V  [jvm.dll+0x7db60e]
V  [jvm.dll+0x7dbc73]
V  [jvm.dll+0x245e1f]
V  [jvm.dll+0xaaafb]
V  [jvm.dll+0xab09c]
V  [jvm.dll+0x36237e]
V  [jvm.dll+0x32ca01]
V  [jvm.dll+0x32be9a]
V  [jvm.dll+0x21812f]
V  [jvm.dll+0x217561]
V  [jvm.dll+0x1a3bc0]
V  [jvm.dll+0x2272de]
V  [jvm.dll+0x22548b]
V  [jvm.dll+0x78f58c]
V  [jvm.dll+0x78998a]
V  [jvm.dll+0x677875]
C  [ucrtbase.dll+0x21bb2]
C  [KERNEL32.DLL+0x17374]
C  [ntdll.dll+0x4cc91]


---------------  P R O C E S S  ---------------

Threads class SMR info:
_java_thread_list=0x000002094c231470, length=13, elements={
0x0000020965b975d0, 0x000002097f3353e0, 0x000002097f336060, 0x000002097f34df50,
0x000002097f34f920, 0x000002097f3502e0, 0x000002097f350ca0, 0x000002097f351990,
0x000002097f352390, 0x000002097f3c3c80, 0x00000209490ab3d0, 0x00000209490b28b0,
0x000002094bb33650
}

Java Threads: ( => current thread )
  0x0000020965b975d0 JavaThread "main" [_thread_in_Java, id=6116, stack(0x000000d18a400000,0x000000d18a500000)]
  0x000002097f3353e0 JavaThread "Reference Handler" daemon [_thread_blocked, id=15396, stack(0x000000d18ab00000,0x000000d18ac00000)]
  0x000002097f336060 JavaThread "Finalizer" daemon [_thread_blocked, id=15912, stack(0x000000d18ac00000,0x000000d18ad00000)]
  0x000002097f34df50 JavaThread "Signal Dispatcher" daemon [_thread_blocked, id=12592, stack(0x000000d18ad00000,0x000000d18ae00000)]
  0x000002097f34f920 JavaThread "Attach Listener" daemon [_thread_blocked, id=9804, stack(0x000000d18ae00000,0x000000d18af00000)]
  0x000002097f3502e0 JavaThread "Service Thread" daemon [_thread_blocked, id=3092, stack(0x000000d18af00000,0x000000d18b000000)]
  0x000002097f350ca0 JavaThread "Monitor Deflation Thread" daemon [_thread_blocked, id=16012, stack(0x000000d18b000000,0x000000d18b100000)]
=>0x000002097f351990 JavaThread "C2 CompilerThread0" daemon [_thread_in_native, id=14016, stack(0x000000d18b100000,0x000000d18b200000)]
  0x000002097f352390 JavaThread "C1 CompilerThread0" daemon [_thread_blocked, id=8240, stack(0x000000d18b200000,0x000000d18b300000)]
  0x000002097f3c3c80 JavaThread "Sweeper thread" daemon [_thread_blocked, id=10352, stack(0x000000d18b300000,0x000000d18b400000)]
  0x00000209490ab3d0 JavaThread "Notification Thread" daemon [_thread_blocked, id=14292, stack(0x000000d18b400000,0x000000d18b500000)]
  0x00000209490b28b0 JavaThread "Common-Cleaner" daemon [_thread_blocked, id=17468, stack(0x000000d18b600000,0x000000d18b700000)]
  0x000002094bb33650 JavaThread "C2 CompilerThread1" daemon [_thread_in_native, id=15640, stack(0x000000d18a200000,0x000000d18a300000)]

Other Threads:
  0x000002097f32d460 VMThread "VM Thread" [stack: 0x000000d18aa00000,0x000000d18ab00000] [id=15680]
  0x000002097f33d8a0 WatcherThread [stack: 0x000000d18b500000,0x000000d18b600000] [id=14840]
  0x0000020965bef7f0 GCTaskThread "GC Thread#0" [stack: 0x000000d18a500000,0x000000d18a600000] [id=14864]
  0x000002094944c200 GCTaskThread "GC Thread#1" [stack: 0x000000d18b700000,0x000000d18b800000] [id=9688]
  0x0000020949474300 GCTaskThread "GC Thread#2" [stack: 0x000000d18b800000,0x000000d18b900000] [id=18040]
  0x00000209494ca850 GCTaskThread "GC Thread#3" [stack: 0x000000d18b900000,0x000000d18ba00000] [id=14928]
  0x0000020965bffd80 ConcurrentGCThread "G1 Main Marker" [stack: 0x000000d18a600000,0x000000d18a700000] [id=8332]
  0x0000020965c00790 ConcurrentGCThread "G1 Conc#0" [stack: 0x000000d18a700000,0x000000d18a800000] [id=13392]
  0x0000020965c66f50 ConcurrentGCThread "G1 Refine#0" [stack: 0x000000d18a800000,0x000000d18a900000] [id=13712]
  0x0000020949c8b180 ConcurrentGCThread "G1 Refine#1" [stack: 0x000000d18bb00000,0x000000d18bc00000] [id=17480]
  0x0000020965c6a8a0 ConcurrentGCThread "G1 Service" [stack: 0x000000d18a900000,0x000000d18aa00000] [id=6204]

Threads with active compile tasks:
C2 CompilerThread0   103208 17465       4       org.jetbrains.kotlin.ir.util.IrFakeOverrideUtilsKt::resolveFakeOverride (77 bytes)
C2 CompilerThread1   103208 17466       4       org.jetbrains.kotlin.ir.util.IrFakeOverrideUtilsKt::collectAndFilterRealOverrides$collectRealOverrides (157 bytes)

VM state: not at safepoint (normal execution)

VM Mutex/Monitor currently owned by a thread: None

Heap address: 0x0000000084e00000, size: 1970 MB, Compressed Oops mode: 32-bit

CDS archive(s) mapped at: [0x0000020904000000-0x0000020904bd0000-0x0000020904bd0000), size 12386304, SharedBaseAddress: 0x0000020904000000, ArchiveRelocationMode: 1.
Compressed class space mapped at: 0x0000020905000000-0x0000020945000000, reserved size: 1073741824
Narrow klass base: 0x0000020904000000, Narrow klass shift: 0, Narrow klass range: 0x100000000

GC Precious Log:
 CPUs: 4 total, 4 available
 Memory: 7878M
 Large Page Support: Disabled
 NUMA Support: Disabled
 Compressed Oops: Enabled (32-bit)
 Heap Region Size: 1M
 Heap Min Capacity: 8M
 Heap Initial Capacity: 124M
 Heap Max Capacity: 1970M
 Pre-touch: Disabled
 Parallel Workers: 4
 Concurrent Workers: 1
 Concurrent Refinement Workers: 4
 Periodic GC: Disabled

Heap:
 garbage-first heap   total 189440K, used 119586K [0x0000000084e00000, 0x0000000100000000)
  region size 1024K, 6 young (6144K), 1 survivors (1024K)
 Metaspace       used 73173K, committed 73472K, reserved 1179648K
  class space    used 7800K, committed 7936K, reserved 1048576K

Heap Regions: E=young(eden), S=young(survivor), O=old, HS=humongous(starts), HC=humongous(continues), CS=collection set, F=free, OA=open archive, CA=closed archive, TAMS=top-at-mark-start (previous, next)
|   0|0x0000000084e00000, 0x0000000084f00000, 0x0000000084f00000|100%|HS|  |TAMS 0x0000000084f00000, 0x0000000084e00000| Complete 
|   1|0x0000000084f00000, 0x0000000085000000, 0x0000000085000000|100%|HC|  |TAMS 0x0000000085000000, 0x0000000084f00000| Complete 
|   2|0x0000000085000000, 0x0000000085100000, 0x0000000085100000|100%|HC|  |TAMS 0x0000000085100000, 0x0000000085000000| Complete 
|   3|0x0000000085100000, 0x0000000085200000, 0x0000000085200000|100%|HC|  |TAMS 0x0000000085200000, 0x0000000085100000| Complete 
|   4|0x0000000085200000, 0x0000000085300000, 0x0000000085300000|100%| O|  |TAMS 0x0000000085300000, 0x0000000085200000| Untracked 
|   5|0x0000000085300000, 0x0000000085400000, 0x0000000085400000|100%| O|  |TAMS 0x0000000085400000, 0x0000000085300000| Untracked 
|   6|0x0000000085400000, 0x0000000085500000, 0x0000000085500000|100%| O|  |TAMS 0x0000000085500000, 0x0000000085400000| Untracked 
|   7|0x0000000085500000, 0x0000000085600000, 0x0000000085600000|100%| O|  |TAMS 0x0000000085600000, 0x0000000085500000| Untracked 
|   8|0x0000000085600000, 0x0000000085700000, 0x0000000085700000|100%| O|  |TAMS 0x0000000085700000, 0x0000000085600000| Untracked 
|   9|0x0000000085700000, 0x0000000085800000, 0x0000000085800000|100%| O|  |TAMS 0x0000000085800000, 0x0000000085700000| Untracked 
|  10|0x0000000085800000, 0x0000000085900000, 0x0000000085900000|100%| O|  |TAMS 0x0000000085900000, 0x0000000085800000| Untracked 
|  11|0x0000000085900000, 0x0000000085a00000, 0x0000000085a00000|100%| O|  |TAMS 0x0000000085a00000, 0x0000000085900000| Untracked 
|  12|0x0000000085a00000, 0x0000000085b00000, 0x0000000085b00000|100%| O|  |TAMS 0x0000000085b00000, 0x0000000085a00000| Untracked 
|  13|0x0000000085b00000, 0x0000000085c00000, 0x0000000085c00000|100%| O|  |TAMS 0x0000000085c00000, 0x0000000085b00000| Untracked 
|  14|0x0000000085c00000, 0x0000000085d00000, 0x0000000085d00000|100%| O|  |TAMS 0x0000000085d00000, 0x0000000085c00000| Untracked 
|  15|0x0000000085d00000, 0x0000000085e00000, 0x0000000085e00000|100%| O|  |TAMS 0x0000000085e00000, 0x0000000085d00000| Untracked 
|  16|0x0000000085e00000, 0x0000000085f00000, 0x0000000085f00000|100%| O|  |TAMS 0x0000000085f00000, 0x0000000085e00000| Untracked 
|  17|0x0000000085f00000, 0x0000000086000000, 0x0000000086000000|100%| O|  |TAMS 0x0000000086000000, 0x0000000085f00000| Untracked 
|  18|0x0000000086000000, 0x0000000086100000, 0x0000000086100000|100%|HS|  |TAMS 0x0000000086100000, 0x0000000086000000| Complete 
|  19|0x0000000086100000, 0x0000000086200000, 0x0000000086200000|100%|HC|  |TAMS 0x0000000086200000, 0x0000000086100000| Complete 
|  20|0x0000000086200000, 0x0000000086300000, 0x0000000086300000|100%| O|  |TAMS 0x0000000086300000, 0x0000000086200000| Untracked 
|  21|0x0000000086300000, 0x0000000086400000, 0x0000000086400000|100%| O|  |TAMS 0x0000000086400000, 0x0000000086300000| Untracked 
|  22|0x0000000086400000, 0x0000000086500000, 0x0000000086500000|100%| O|  |TAMS 0x0000000086500000, 0x0000000086400000| Untracked 
|  23|0x0000000086500000, 0x0000000086600000, 0x0000000086600000|100%| O|  |TAMS 0x0000000086600000, 0x0000000086500000| Untracked 
|  24|0x0000000086600000, 0x0000000086700000, 0x0000000086700000|100%| O|  |TAMS 0x0000000086700000, 0x0000000086600000| Untracked 
|  25|0x0000000086700000, 0x0000000086800000, 0x0000000086800000|100%| O|  |TAMS 0x0000000086800000, 0x0000000086700000| Untracked 
|  26|0x0000000086800000, 0x0000000086900000, 0x0000000086900000|100%| O|  |TAMS 0x0000000086900000, 0x0000000086800000| Untracked 
|  27|0x0000000086900000, 0x0000000086a00000, 0x0000000086a00000|100%| O|  |TAMS 0x0000000086a00000, 0x0000000086900000| Untracked 
|  28|0x0000000086a00000, 0x0000000086b00000, 0x0000000086b00000|100%| O|  |TAMS 0x0000000086b00000, 0x0000000086a00000| Untracked 
|  29|0x0000000086b00000, 0x0000000086c00000, 0x0000000086c00000|100%| O|  |TAMS 0x0000000086c00000, 0x0000000086b00000| Untracked 
|  30|0x0000000086c00000, 0x0000000086d00000, 0x0000000086d00000|100%| O|  |TAMS 0x0000000086d00000, 0x0000000086c00000| Untracked 
|  31|0x0000000086d00000, 0x0000000086e00000, 0x0000000086e00000|100%| O|  |TAMS 0x0000000086e00000, 0x0000000086d00000| Untracked 
|  32|0x0000000086e00000, 0x0000000086f00000, 0x0000000086f00000|100%| O|  |TAMS 0x0000000086f00000, 0x0000000086e00000| Untracked 
|  33|0x0000000086f00000, 0x0000000087000000, 0x0000000087000000|100%| O|  |TAMS 0x0000000087000000, 0x0000000086f00000| Untracked 
|  34|0x0000000087000000, 0x0000000087100000, 0x0000000087100000|100%| O|  |TAMS 0x0000000087100000, 0x0000000087000000| Untracked 
|  35|0x0000000087100000, 0x0000000087200000, 0x0000000087200000|100%| O|  |TAMS 0x0000000087200000, 0x0000000087100000| Untracked 
|  36|0x0000000087200000, 0x0000000087300000, 0x0000000087300000|100%| O|  |TAMS 0x0000000087300000, 0x0000000087200000| Untracked 
|  37|0x0000000087300000, 0x0000000087400000, 0x0000000087400000|100%| O|  |TAMS 0x0000000087400000, 0x0000000087300000| Untracked 
|  38|0x0000000087400000, 0x0000000087500000, 0x0000000087500000|100%| O|  |TAMS 0x0000000087500000, 0x0000000087400000| Untracked 
|  39|0x0000000087500000, 0x0000000087600000, 0x0000000087600000|100%| O|  |TAMS 0x0000000087600000, 0x0000000087500000| Untracked 
|  40|0x0000000087600000, 0x0000000087700000, 0x0000000087700000|100%| O|  |TAMS 0x0000000087700000, 0x0000000087600000| Untracked 
|  41|0x0000000087700000, 0x0000000087800000, 0x0000000087800000|100%| O|  |TAMS 0x0000000087800000, 0x0000000087700000| Untracked 
|  42|0x0000000087800000, 0x0000000087900000, 0x0000000087900000|100%| O|  |TAMS 0x0000000087800000, 0x0000000087800000| Untracked 
|  43|0x0000000087900000, 0x0000000087a00000, 0x0000000087a00000|100%| O|  |TAMS 0x0000000087a00000, 0x0000000087900000| Untracked 
|  44|0x0000000087a00000, 0x0000000087b00000, 0x0000000087b00000|100%| O|  |TAMS 0x0000000087b00000, 0x0000000087a00000| Untracked 
|  45|0x0000000087b00000, 0x0000000087c00000, 0x0000000087c00000|100%| O|  |TAMS 0x0000000087c00000, 0x0000000087b00000| Untracked 
|  46|0x0000000087c00000, 0x0000000087d00000, 0x0000000087d00000|100%| O|  |TAMS 0x0000000087d00000, 0x0000000087c00000| Untracked 
|  47|0x0000000087d00000, 0x0000000087e00000, 0x0000000087e00000|100%| O|  |TAMS 0x0000000087e00000, 0x0000000087d00000| Untracked 
|  48|0x0000000087e00000, 0x0000000087f00000, 0x0000000087f00000|100%| O|  |TAMS 0x0000000087f00000, 0x0000000087e00000| Untracked 
|  49|0x0000000087f00000, 0x0000000088000000, 0x0000000088000000|100%| O|  |TAMS 0x0000000087f00000, 0x0000000087f00000| Untracked 
|  50|0x0000000088000000, 0x0000000088100000, 0x0000000088100000|100%| O|  |TAMS 0x0000000088100000, 0x0000000088000000| Untracked 
|  51|0x0000000088100000, 0x0000000088200000, 0x0000000088200000|100%| O|  |TAMS 0x0000000088200000, 0x0000000088100000| Untracked 
|  52|0x0000000088200000, 0x0000000088300000, 0x0000000088300000|100%| O|  |TAMS 0x0000000088300000, 0x0000000088200000| Untracked 
|  53|0x0000000088300000, 0x0000000088400000, 0x0000000088400000|100%| O|  |TAMS 0x0000000088400000, 0x0000000088300000| Untracked 
|  54|0x0000000088400000, 0x0000000088500000, 0x0000000088500000|100%| O|  |TAMS 0x0000000088500000, 0x0000000088400000| Untracked 
|  55|0x0000000088500000, 0x0000000088600000, 0x0000000088600000|100%| O|  |TAMS 0x0000000088600000, 0x0000000088500000| Untracked 
|  56|0x0000000088600000, 0x0000000088700000, 0x0000000088700000|100%| O|  |TAMS 0x0000000088700000, 0x0000000088600000| Untracked 
|  57|0x0000000088700000, 0x0000000088800000, 0x0000000088800000|100%| O|  |TAMS 0x0000000088800000, 0x0000000088700000| Untracked 
|  58|0x0000000088800000, 0x0000000088900000, 0x0000000088900000|100%| O|  |TAMS 0x0000000088900000, 0x0000000088800000| Untracked 
|  59|0x0000000088900000, 0x0000000088a00000, 0x0000000088a00000|100%| O|  |TAMS 0x0000000088a00000, 0x0000000088900000| Untracked 
|  60|0x0000000088a00000, 0x0000000088b00000, 0x0000000088b00000|100%|HS|  |TAMS 0x0000000088b00000, 0x0000000088a00000| Complete 
|  61|0x0000000088b00000, 0x0000000088c00000, 0x0000000088c00000|100%|HC|  |TAMS 0x0000000088c00000, 0x0000000088b00000| Complete 
|  62|0x0000000088c00000, 0x0000000088d00000, 0x0000000088d00000|100%| O|  |TAMS 0x0000000088d00000, 0x0000000088c00000| Untracked 
|  63|0x0000000088d00000, 0x0000000088e00000, 0x0000000088e00000|100%| O|  |TAMS 0x0000000088e00000, 0x0000000088d00000| Untracked 
|  64|0x0000000088e00000, 0x0000000088f00000, 0x0000000088f00000|100%| O|  |TAMS 0x0000000088f00000, 0x0000000088e00000| Untracked 
|  65|0x0000000088f00000, 0x0000000089000000, 0x0000000089000000|100%| O|  |TAMS 0x0000000089000000, 0x0000000088f00000| Untracked 
|  66|0x0000000089000000, 0x0000000089100000, 0x0000000089100000|100%| O|  |TAMS 0x0000000089100000, 0x0000000089000000| Untracked 
|  67|0x0000000089100000, 0x0000000089200000, 0x0000000089200000|100%| O|  |TAMS 0x0000000089200000, 0x0000000089100000| Untracked 
|  68|0x0000000089200000, 0x0000000089300000, 0x0000000089300000|100%| O|  |TAMS 0x0000000089300000, 0x0000000089200000| Untracked 
|  69|0x0000000089300000, 0x0000000089400000, 0x0000000089400000|100%| O|  |TAMS 0x0000000089400000, 0x0000000089300000| Untracked 
|  70|0x0000000089400000, 0x0000000089500000, 0x0000000089500000|100%| O|  |TAMS 0x0000000089500000, 0x0000000089400000| Untracked 
|  71|0x0000000089500000, 0x0000000089600000, 0x0000000089600000|100%| O|  |TAMS 0x0000000089600000, 0x0000000089500000| Untracked 
|  72|0x0000000089600000, 0x0000000089700000, 0x0000000089700000|100%| O|  |TAMS 0x0000000089700000, 0x0000000089600000| Untracked 
|  73|0x0000000089700000, 0x0000000089800000, 0x0000000089800000|100%| O|  |TAMS 0x0000000089800000, 0x0000000089700000| Untracked 
|  74|0x0000000089800000, 0x0000000089900000, 0x0000000089900000|100%| O|  |TAMS 0x0000000089900000, 0x0000000089800000| Untracked 
|  75|0x0000000089900000, 0x0000000089a00000, 0x0000000089a00000|100%| O|  |TAMS 0x0000000089a00000, 0x0000000089900000| Untracked 
|  76|0x0000000089a00000, 0x0000000089b00000, 0x0000000089b00000|100%| O|  |TAMS 0x0000000089b00000, 0x0000000089a00000| Untracked 
|  77|0x0000000089b00000, 0x0000000089c00000, 0x0000000089c00000|100%| O|  |TAMS 0x0000000089c00000, 0x0000000089b00000| Untracked 
|  78|0x0000000089c00000, 0x0000000089d00000, 0x0000000089d00000|100%| O|  |TAMS 0x0000000089d00000, 0x0000000089c00000| Untracked 
|  79|0x0000000089d00000, 0x0000000089e00000, 0x0000000089e00000|100%| O|  |TAMS 0x0000000089e00000, 0x0000000089d00000| Untracked 
|  80|0x0000000089e00000, 0x0000000089f00000, 0x0000000089f00000|100%| O|  |TAMS 0x0000000089f00000, 0x0000000089e00000| Untracked 
|  81|0x0000000089f00000, 0x000000008a000000, 0x000000008a000000|100%| O|  |TAMS 0x000000008a000000, 0x0000000089f00000| Untracked 
|  82|0x000000008a000000, 0x000000008a100000, 0x000000008a100000|100%| O|  |TAMS 0x000000008a100000, 0x000000008a000000| Untracked 
|  83|0x000000008a100000, 0x000000008a200000, 0x000000008a200000|100%| O|  |TAMS 0x000000008a200000, 0x000000008a100000| Untracked 
|  84|0x000000008a200000, 0x000000008a300000, 0x000000008a300000|100%| O|  |TAMS 0x000000008a300000, 0x000000008a200000| Untracked 
|  85|0x000000008a300000, 0x000000008a400000, 0x000000008a400000|100%| O|  |TAMS 0x000000008a400000, 0x000000008a300000| Untracked 
|  86|0x000000008a400000, 0x000000008a500000, 0x000000008a500000|100%| O|  |TAMS 0x000000008a500000, 0x000000008a400000| Untracked 
|  87|0x000000008a500000, 0x000000008a600000, 0x000000008a600000|100%| O|  |TAMS 0x000000008a564800, 0x000000008a500000| Untracked 
|  88|0x000000008a600000, 0x000000008a700000, 0x000000008a700000|100%| O|  |TAMS 0x000000008a600000, 0x000000008a600000| Untracked 
|  89|0x000000008a700000, 0x000000008a800000, 0x000000008a800000|100%| O|  |TAMS 0x000000008a700000, 0x000000008a700000| Untracked 
|  90|0x000000008a800000, 0x000000008a900000, 0x000000008a900000|100%| O|  |TAMS 0x000000008a800000, 0x000000008a800000| Untracked 
|  91|0x000000008a900000, 0x000000008aa00000, 0x000000008aa00000|100%| O|  |TAMS 0x000000008a900000, 0x000000008a900000| Untracked 
|  92|0x000000008aa00000, 0x000000008ab00000, 0x000000008ab00000|100%| O|  |TAMS 0x000000008aa00000, 0x000000008aa00000| Untracked 
|  93|0x000000008ab00000, 0x000000008ac00000, 0x000000008ac00000|100%| O|  |TAMS 0x000000008ab00000, 0x000000008ab00000| Untracked 
|  94|0x000000008ac00000, 0x000000008ad00000, 0x000000008ad00000|100%| O|  |TAMS 0x000000008ac00000, 0x000000008ac00000| Untracked 
|  95|0x000000008ad00000, 0x000000008ae00000, 0x000000008ae00000|100%| O|  |TAMS 0x000000008ad00000, 0x000000008ad00000| Untracked 
|  96|0x000000008ae00000, 0x000000008af00000, 0x000000008af00000|100%| O|  |TAMS 0x000000008ae00000, 0x000000008ae00000| Untracked 
|  97|0x000000008af00000, 0x000000008b000000, 0x000000008b000000|100%| O|  |TAMS 0x000000008af00000, 0x000000008af00000| Untracked 
|  98|0x000000008b000000, 0x000000008b100000, 0x000000008b100000|100%| O|  |TAMS 0x000000008b000000, 0x000000008b000000| Untracked 
|  99|0x000000008b100000, 0x000000008b200000, 0x000000008b200000|100%| O|  |TAMS 0x000000008b100000, 0x000000008b100000| Untracked 
| 100|0x000000008b200000, 0x000000008b300000, 0x000000008b300000|100%| O|  |TAMS 0x000000008b200000, 0x000000008b200000| Untracked 
| 101|0x000000008b300000, 0x000000008b400000, 0x000000008b400000|100%| O|  |TAMS 0x000000008b300000, 0x000000008b300000| Untracked 
| 102|0x000000008b400000, 0x000000008b500000, 0x000000008b500000|100%| O|  |TAMS 0x000000008b400000, 0x000000008b400000| Untracked 
| 103|0x000000008b500000, 0x000000008b600000, 0x000000008b600000|100%| O|  |TAMS 0x000000008b500000, 0x000000008b500000| Untracked 
| 104|0x000000008b600000, 0x000000008b700000, 0x000000008b700000|100%| O|  |TAMS 0x000000008b600000, 0x000000008b600000| Untracked 
| 105|0x000000008b700000, 0x000000008b800000, 0x000000008b800000|100%| O|  |TAMS 0x000000008b700000, 0x000000008b700000| Untracked 
| 106|0x000000008b800000, 0x000000008b900000, 0x000000008b900000|100%| O|  |TAMS 0x000000008b800000, 0x000000008b800000| Untracked 
| 107|0x000000008b900000, 0x000000008ba00000, 0x000000008ba00000|100%| O|  |TAMS 0x000000008b900000, 0x000000008b900000| Untracked 
| 108|0x000000008ba00000, 0x000000008bb00000, 0x000000008bb00000|100%| O|  |TAMS 0x000000008ba00000, 0x000000008ba00000| Untracked 
| 109|0x000000008bb00000, 0x000000008bc00000, 0x000000008bc00000|100%| O|  |TAMS 0x000000008bb00000, 0x000000008bb00000| Untracked 
| 110|0x000000008bc00000, 0x000000008bd00000, 0x000000008bd00000|100%| O|  |TAMS 0x000000008bc00000, 0x000000008bc00000| Untracked 
| 111|0x000000008bd00000, 0x000000008bdcdc00, 0x000000008be00000| 80%| O|  |TAMS 0x000000008bd00000, 0x000000008bd00000| Untracked 
| 112|0x000000008be00000, 0x000000008be00000, 0x000000008bf00000|  0%| F|  |TAMS 0x000000008be00000, 0x000000008be00000| Untracked 
| 113|0x000000008bf00000, 0x000000008bf00000, 0x000000008c000000|  0%| F|  |TAMS 0x000000008bf00000, 0x000000008bf00000| Untracked 
| 114|0x000000008c000000, 0x000000008c000000, 0x000000008c100000|  0%| F|  |TAMS 0x000000008c000000, 0x000000008c000000| Untracked 
| 115|0x000000008c100000, 0x000000008c100000, 0x000000008c200000|  0%| F|  |TAMS 0x000000008c100000, 0x000000008c100000| Untracked 
| 116|0x000000008c200000, 0x000000008c200000, 0x000000008c300000|  0%| F|  |TAMS 0x000000008c200000, 0x000000008c200000| Untracked 
| 117|0x000000008c300000, 0x000000008c300000, 0x000000008c400000|  0%| F|  |TAMS 0x000000008c300000, 0x000000008c300000| Untracked 
| 118|0x000000008c400000, 0x000000008c400000, 0x000000008c500000|  0%| F|  |TAMS 0x000000008c400000, 0x000000008c400000| Untracked 
| 119|0x000000008c500000, 0x000000008c500000, 0x000000008c600000|  0%| F|  |TAMS 0x000000008c500000, 0x000000008c500000| Untracked 
| 120|0x000000008c600000, 0x000000008c600000, 0x000000008c700000|  0%| F|  |TAMS 0x000000008c600000, 0x000000008c600000| Untracked 
| 121|0x000000008c700000, 0x000000008c700000, 0x000000008c800000|  0%| F|  |TAMS 0x000000008c700000, 0x000000008c700000| Untracked 
| 122|0x000000008c800000, 0x000000008c800000, 0x000000008c900000|  0%| F|  |TAMS 0x000000008c800000, 0x000000008c800000| Untracked 
| 123|0x000000008c900000, 0x000000008c900000, 0x000000008ca00000|  0%| F|  |TAMS 0x000000008c900000, 0x000000008c900000| Untracked 
| 124|0x000000008ca00000, 0x000000008ca00000, 0x000000008cb00000|  0%| F|  |TAMS 0x000000008ca00000, 0x000000008ca00000| Untracked 
| 125|0x000000008cb00000, 0x000000008cb00000, 0x000000008cc00000|  0%| F|  |TAMS 0x000000008cb00000, 0x000000008cb00000| Untracked 
| 126|0x000000008cc00000, 0x000000008cc00000, 0x000000008cd00000|  0%| F|  |TAMS 0x000000008cc00000, 0x000000008cc00000| Untracked 
| 127|0x000000008cd00000, 0x000000008cd00000, 0x000000008ce00000|  0%| F|  |TAMS 0x000000008cd00000, 0x000000008cd00000| Untracked 
| 128|0x000000008ce00000, 0x000000008ce00000, 0x000000008cf00000|  0%| F|  |TAMS 0x000000008ce00000, 0x000000008ce00000| Untracked 
| 129|0x000000008cf00000, 0x000000008cf00000, 0x000000008d000000|  0%| F|  |TAMS 0x000000008cf00000, 0x000000008cf00000| Untracked 
| 130|0x000000008d000000, 0x000000008d000000, 0x000000008d100000|  0%| F|  |TAMS 0x000000008d000000, 0x000000008d000000| Untracked 
| 131|0x000000008d100000, 0x000000008d100000, 0x000000008d200000|  0%| F|  |TAMS 0x000000008d100000, 0x000000008d100000| Untracked 
| 132|0x000000008d200000, 0x000000008d200000, 0x000000008d300000|  0%| F|  |TAMS 0x000000008d200000, 0x000000008d200000| Untracked 
| 133|0x000000008d300000, 0x000000008d300000, 0x000000008d400000|  0%| F|  |TAMS 0x000000008d300000, 0x000000008d300000| Untracked 
| 134|0x000000008d400000, 0x000000008d400000, 0x000000008d500000|  0%| F|  |TAMS 0x000000008d400000, 0x000000008d400000| Untracked 
| 135|0x000000008d500000, 0x000000008d5fad40, 0x000000008d600000| 97%| S|CS|TAMS 0x000000008d500000, 0x000000008d500000| Complete 
| 136|0x000000008d600000, 0x000000008d600000, 0x000000008d700000|  0%| F|  |TAMS 0x000000008d600000, 0x000000008d600000| Untracked 
| 137|0x000000008d700000, 0x000000008d700000, 0x000000008d800000|  0%| F|  |TAMS 0x000000008d700000, 0x000000008d700000| Untracked 
| 138|0x000000008d800000, 0x000000008d800000, 0x000000008d900000|  0%| F|  |TAMS 0x000000008d800000, 0x000000008d800000| Untracked 
| 139|0x000000008d900000, 0x000000008d900000, 0x000000008da00000|  0%| F|  |TAMS 0x000000008d900000, 0x000000008d900000| Untracked 
| 140|0x000000008da00000, 0x000000008da00000, 0x000000008db00000|  0%| F|  |TAMS 0x000000008da00000, 0x000000008da00000| Untracked 
| 141|0x000000008db00000, 0x000000008db00000, 0x000000008dc00000|  0%| F|  |TAMS 0x000000008db00000, 0x000000008db00000| Untracked 
| 142|0x000000008dc00000, 0x000000008dc00000, 0x000000008dd00000|  0%| F|  |TAMS 0x000000008dc00000, 0x000000008dc00000| Untracked 
| 143|0x000000008dd00000, 0x000000008dd00000, 0x000000008de00000|  0%| F|  |TAMS 0x000000008dd00000, 0x000000008dd00000| Untracked 
| 144|0x000000008de00000, 0x000000008de00000, 0x000000008df00000|  0%| F|  |TAMS 0x000000008de00000, 0x000000008de00000| Untracked 
| 145|0x000000008df00000, 0x000000008df00000, 0x000000008e000000|  0%| F|  |TAMS 0x000000008df00000, 0x000000008df00000| Untracked 
| 146|0x000000008e000000, 0x000000008e000000, 0x000000008e100000|  0%| F|  |TAMS 0x000000008e000000, 0x000000008e000000| Untracked 
| 147|0x000000008e100000, 0x000000008e100000, 0x000000008e200000|  0%| F|  |TAMS 0x000000008e100000, 0x000000008e100000| Untracked 
| 148|0x000000008e200000, 0x000000008e200000, 0x000000008e300000|  0%| F|  |TAMS 0x000000008e200000, 0x000000008e200000| Untracked 
| 149|0x000000008e300000, 0x000000008e300000, 0x000000008e400000|  0%| F|  |TAMS 0x000000008e300000, 0x000000008e300000| Untracked 
| 150|0x000000008e400000, 0x000000008e400000, 0x000000008e500000|  0%| F|  |TAMS 0x000000008e400000, 0x000000008e400000| Untracked 
| 151|0x000000008e500000, 0x000000008e500000, 0x000000008e600000|  0%| F|  |TAMS 0x000000008e500000, 0x000000008e500000| Untracked 
| 152|0x000000008e600000, 0x000000008e600000, 0x000000008e700000|  0%| F|  |TAMS 0x000000008e600000, 0x000000008e600000| Untracked 
| 153|0x000000008e700000, 0x000000008e700000, 0x000000008e800000|  0%| F|  |TAMS 0x000000008e700000, 0x000000008e700000| Untracked 
| 154|0x000000008e800000, 0x000000008e800000, 0x000000008e900000|  0%| F|  |TAMS 0x000000008e800000, 0x000000008e800000| Untracked 
| 155|0x000000008e900000, 0x000000008e900000, 0x000000008ea00000|  0%| F|  |TAMS 0x000000008e900000, 0x000000008e900000| Untracked 
| 156|0x000000008ea00000, 0x000000008ea00000, 0x000000008eb00000|  0%| F|  |TAMS 0x000000008ea00000, 0x000000008ea00000| Untracked 
| 157|0x000000008eb00000, 0x000000008eb00000, 0x000000008ec00000|  0%| F|  |TAMS 0x000000008eb00000, 0x000000008eb00000| Untracked 
| 158|0x000000008ec00000, 0x000000008ec00000, 0x000000008ed00000|  0%| F|  |TAMS 0x000000008ec00000, 0x000000008ec00000| Untracked 
| 159|0x000000008ed00000, 0x000000008ed00000, 0x000000008ee00000|  0%| F|  |TAMS 0x000000008ed00000, 0x000000008ed00000| Untracked 
| 160|0x000000008ee00000, 0x000000008ee00000, 0x000000008ef00000|  0%| F|  |TAMS 0x000000008ee00000, 0x000000008ee00000| Untracked 
| 161|0x000000008ef00000, 0x000000008ef00000, 0x000000008f000000|  0%| F|  |TAMS 0x000000008ef00000, 0x000000008ef00000| Untracked 
| 162|0x000000008f000000, 0x000000008f000000, 0x000000008f100000|  0%| F|  |TAMS 0x000000008f000000, 0x000000008f000000| Untracked 
| 163|0x000000008f100000, 0x000000008f100000, 0x000000008f200000|  0%| F|  |TAMS 0x000000008f100000, 0x000000008f100000| Untracked 
| 164|0x000000008f200000, 0x000000008f200000, 0x000000008f300000|  0%| F|  |TAMS 0x000000008f200000, 0x000000008f200000| Untracked 
| 165|0x000000008f300000, 0x000000008f300000, 0x000000008f400000|  0%| F|  |TAMS 0x000000008f300000, 0x000000008f300000| Untracked 
| 166|0x000000008f400000, 0x000000008f400000, 0x000000008f500000|  0%| F|  |TAMS 0x000000008f400000, 0x000000008f400000| Untracked 
| 167|0x000000008f500000, 0x000000008f500000, 0x000000008f600000|  0%| F|  |TAMS 0x000000008f500000, 0x000000008f500000| Untracked 
| 168|0x000000008f600000, 0x000000008f600000, 0x000000008f700000|  0%| F|  |TAMS 0x000000008f600000, 0x000000008f600000| Untracked 
| 169|0x000000008f700000, 0x000000008f700000, 0x000000008f800000|  0%| F|  |TAMS 0x000000008f700000, 0x000000008f700000| Untracked 
| 170|0x000000008f800000, 0x000000008f800000, 0x000000008f900000|  0%| F|  |TAMS 0x000000008f800000, 0x000000008f800000| Untracked 
| 171|0x000000008f900000, 0x000000008f900000, 0x000000008fa00000|  0%| F|  |TAMS 0x000000008f900000, 0x000000008f900000| Untracked 
| 172|0x000000008fa00000, 0x000000008fa00000, 0x000000008fb00000|  0%| F|  |TAMS 0x000000008fa00000, 0x000000008fa00000| Untracked 
| 173|0x000000008fb00000, 0x000000008fb00000, 0x000000008fc00000|  0%| F|  |TAMS 0x000000008fb00000, 0x000000008fb00000| Untracked 
| 174|0x000000008fc00000, 0x000000008fc00000, 0x000000008fd00000|  0%| F|  |TAMS 0x000000008fc00000, 0x000000008fc00000| Untracked 
| 175|0x000000008fd00000, 0x000000008fd00000, 0x000000008fe00000|  0%| F|  |TAMS 0x000000008fd00000, 0x000000008fd00000| Untracked 
| 176|0x000000008fe00000, 0x000000008fe00000, 0x000000008ff00000|  0%| F|  |TAMS 0x000000008fe00000, 0x000000008fe00000| Untracked 
| 177|0x000000008ff00000, 0x000000008ff00000, 0x0000000090000000|  0%| F|  |TAMS 0x000000008ff00000, 0x000000008ff00000| Untracked 
| 178|0x0000000090000000, 0x0000000090000000, 0x0000000090100000|  0%| F|  |TAMS 0x0000000090000000, 0x0000000090000000| Untracked 
| 179|0x0000000090100000, 0x0000000090180800, 0x0000000090200000| 50%| E|  |TAMS 0x0000000090100000, 0x0000000090100000| Complete 
| 180|0x0000000090200000, 0x0000000090300000, 0x0000000090300000|100%| E|CS|TAMS 0x0000000090200000, 0x0000000090200000| Complete 
| 181|0x0000000090300000, 0x0000000090400000, 0x0000000090400000|100%| E|CS|TAMS 0x0000000090300000, 0x0000000090300000| Complete 
| 182|0x0000000090400000, 0x0000000090500000, 0x0000000090500000|100%| E|CS|TAMS 0x0000000090400000, 0x0000000090400000| Complete 
| 183|0x0000000090500000, 0x0000000090600000, 0x0000000090600000|100%| E|CS|TAMS 0x0000000090500000, 0x0000000090500000| Complete 
| 184|0x0000000090600000, 0x0000000090700000, 0x0000000090700000|100%| E|CS|TAMS 0x0000000090600000, 0x0000000090600000| Complete 

Card table byte_map: [0x000002097c820000,0x000002097cc00000] _byte_map_base: 0x000002097c3f9000

Marking Bits (Prev, Next): (CMBitMap*) 0x0000020965befe50, (CMBitMap*) 0x0000020965befe10
 Prev Bits: [0x0000020900000000, 0x0000020901ec8000)
 Next Bits: [0x000002097cfe0000, 0x000002097eea8000)

Polling page: 0x0000020963ae0000

Metaspace:

Usage:
  Non-class:     63.84 MB used.
      Class:      7.62 MB used.
       Both:     71.46 MB used.

Virtual space:
  Non-class space:      128.00 MB reserved,      64.00 MB ( 50%) committed,  2 nodes.
      Class space:        1.00 GB reserved,       7.75 MB ( <1%) committed,  1 nodes.
             Both:        1.12 GB reserved,      71.75 MB (  6%) committed. 

Chunk freelists:
   Non-Class:  15.02 MB
       Class:  8.25 MB
        Both:  23.27 MB

MaxMetaspaceSize: unlimited
CompressedClassSpaceSize: 1.00 GB
Initial GC threshold: 21.00 MB
Current GC threshold: 93.25 MB
CDS: on
MetaspaceReclaimPolicy: balanced
 - commit_granule_bytes: 65536.
 - commit_granule_words: 8192.
 - virtual_space_node_default_size: 8388608.
 - enlarge_chunks_in_place: 1.
 - new_chunks_are_fully_committed: 0.
 - uncommit_free_chunks: 1.
 - use_allocation_guard: 0.
 - handle_deallocations: 1.


Internal statistics:

num_allocs_failed_limit: 9.
num_arena_births: 358.
num_arena_deaths: 0.
num_vsnodes_births: 3.
num_vsnodes_deaths: 0.
num_space_committed: 1146.
num_space_uncommitted: 0.
num_chunks_returned_to_freelist: 9.
num_chunks_taken_from_freelist: 3012.
num_chunk_merges: 9.
num_chunk_splits: 2421.
num_chunks_enlarged: 2143.
num_inconsistent_stats: 0.

CodeHeap 'non-profiled nmethods': size=120000Kb used=11579Kb max_used=11579Kb free=108420Kb
 bounds [0x0000020974f10000, 0x0000020975a60000, 0x000002097c440000]
CodeHeap 'profiled nmethods': size=120000Kb used=41648Kb max_used=41648Kb free=78352Kb
 bounds [0x000002096d440000, 0x000002096fd00000, 0x0000020974970000]
CodeHeap 'non-nmethods': size=5760Kb used=1403Kb max_used=1463Kb free=4356Kb
 bounds [0x0000020974970000, 0x0000020974be0000, 0x0000020974f10000]
 total_blobs=14608 nmethods=13880 adapters=635
 compilation: enabled
              stopped_count=0, restarted_count=0
 full_count=0

Compilation events (20 events):
Event: 103.039 Thread 0x000002097f352390 17507       3       org.jetbrains.kotlin.backend.common.phaser.PhaseConfig::shouldValidateStateBefore (17 bytes)
Event: 103.040 Thread 0x000002097f352390 nmethod 17507 0x000002096fccb510 code [0x000002096fccb720, 0x000002096fccbda8]
Event: 103.040 Thread 0x000002097f352390 17510       1       org.jetbrains.kotlin.ir.expressions.impl.IrBlockImpl::getOrigin (5 bytes)
Event: 103.040 Thread 0x000002097f352390 nmethod 17510 0x0000020975a55a90 code [0x0000020975a55c20, 0x0000020975a55cf8]
Event: 103.040 Thread 0x000002097f352390 17511       3       org.jetbrains.kotlin.backend.common.BodyLoweringVisitor::visitGetValue (13 bytes)
Event: 103.042 Thread 0x000002097f352390 nmethod 17511 0x000002096fccc010 code [0x000002096fccc2a0, 0x000002096fcccfb8]
Event: 103.042 Thread 0x000002097f352390 17512       3       org.jetbrains.kotlin.backend.common.BodyLoweringVisitor::visitGetValue (8 bytes)
Event: 103.043 Thread 0x000002097f352390 nmethod 17512 0x000002096fccd410 code [0x000002096fccd6e0, 0x000002096fcce548]
Event: 103.044 Thread 0x000002097f352390 17513       3       org.jetbrains.kotlin.ir.visitors.IrElementVisitor$DefaultImpls::visitContainerExpression (18 bytes)
Event: 103.045 Thread 0x000002097f352390 nmethod 17513 0x000002096fccea10 code [0x000002096fccec20, 0x000002096fccf2a8]
Event: 103.047 Thread 0x000002097f352390 17514       3       org.jetbrains.kotlin.backend.common.phaser.FileLoweringPhaseAdapter::invoke (16 bytes)
Event: 103.053 Thread 0x000002097f352390 nmethod 17514 0x000002096fccf510 code [0x000002096fccf6c0, 0x000002096fccfa08]
Event: 103.053 Thread 0x000002097f352390 17515       3       org.jetbrains.kotlin.backend.common.phaser.FileLoweringPhaseAdapter::invoke (48 bytes)
Event: 103.055 Thread 0x000002097f352390 nmethod 17515 0x000002096fccfb10 code [0x000002096fccfec0, 0x000002096fcd1518]
Event: 103.061 Thread 0x000002097f352390 17516       3       kotlin.collections.MapsKt__MapsKt::mapOf (37 bytes)
Event: 103.063 Thread 0x000002097f352390 nmethod 17516 0x000002096fcd1c90 code [0x000002096fcd1f20, 0x000002096fcd27e8]
Event: 103.063 Thread 0x000002097f352390 17518       3       org.jetbrains.kotlin.backend.common.lower.SpecialBridgeMethods$SpecialMethodDescription::hashCode (47 bytes)
Event: 103.065 Thread 0x000002097f352390 nmethod 17518 0x000002096fcd2b90 code [0x000002096fcd2d60, 0x000002096fcd3178]
Event: 103.065 Thread 0x000002097f352390 17517       3       kotlin.collections.MapsKt__MapsKt::toMap (26 bytes)
Event: 103.067 Thread 0x000002097f352390 nmethod 17517 0x000002096fcd3390 code [0x000002096fcd3620, 0x000002096fcd4088]

GC Heap History (20 events):
Event: 76.525 GC heap before
{Heap before GC invocations=30 (full 0):
 garbage-first heap   total 148480K, used 91510K [0x0000000084e00000, 0x0000000100000000)
  region size 1024K, 7 young (7168K), 5 survivors (5120K)
 Metaspace       used 56392K, committed 56704K, reserved 1114112K
  class space    used 6292K, committed 6464K, reserved 1048576K
}
Event: 76.540 GC heap after
{Heap after GC invocations=31 (full 0):
 garbage-first heap   total 148480K, used 89243K [0x0000000084e00000, 0x0000000100000000)
  region size 1024K, 1 young (1024K), 1 survivors (1024K)
 Metaspace       used 56392K, committed 56704K, reserved 1114112K
  class space    used 6292K, committed 6464K, reserved 1048576K
}
Event: 78.731 GC heap before
{Heap before GC invocations=31 (full 0):
 garbage-first heap   total 148480K, used 123035K [0x0000000084e00000, 0x0000000100000000)
  region size 1024K, 34 young (34816K), 1 survivors (1024K)
 Metaspace       used 57021K, committed 57280K, reserved 1114112K
  class space    used 6331K, committed 6464K, reserved 1048576K
}
Event: 78.737 GC heap after
{Heap after GC invocations=32 (full 0):
 garbage-first heap   total 148480K, used 89717K [0x0000000084e00000, 0x0000000100000000)
  region size 1024K, 2 young (2048K), 2 survivors (2048K)
 Metaspace       used 57021K, committed 57280K, reserved 1114112K
  class space    used 6331K, committed 6464K, reserved 1048576K
}
Event: 82.201 GC heap before
{Heap before GC invocations=33 (full 0):
 garbage-first heap   total 157696K, used 123509K [0x0000000084e00000, 0x0000000100000000)
  region size 1024K, 35 young (35840K), 2 survivors (2048K)
 Metaspace       used 62259K, committed 62592K, reserved 1114112K
  class space    used 6820K, committed 6976K, reserved 1048576K
}
Event: 82.214 GC heap after
{Heap after GC invocations=34 (full 0):
 garbage-first heap   total 157696K, used 91524K [0x0000000084e00000, 0x0000000100000000)
  region size 1024K, 3 young (3072K), 3 survivors (3072K)
 Metaspace       used 62259K, committed 62592K, reserved 1114112K
  class space    used 6820K, committed 6976K, reserved 1048576K
}
Event: 83.088 GC heap before
{Heap before GC invocations=34 (full 0):
 garbage-first heap   total 157696K, used 94596K [0x0000000084e00000, 0x0000000100000000)
  region size 1024K, 7 young (7168K), 3 survivors (3072K)
 Metaspace       used 62319K, committed 62656K, reserved 1114112K
  class space    used 6825K, committed 6976K, reserved 1048576K
}
Event: 83.101 GC heap after
{Heap after GC invocations=35 (full 0):
 garbage-first heap   total 157696K, used 91778K [0x0000000084e00000, 0x0000000100000000)
  region size 1024K, 1 young (1024K), 1 survivors (1024K)
 Metaspace       used 62319K, committed 62656K, reserved 1114112K
  class space    used 6825K, committed 6976K, reserved 1048576K
}
Event: 89.937 GC heap before
{Heap before GC invocations=35 (full 0):
 garbage-first heap   total 157696K, used 131714K [0x0000000084e00000, 0x0000000100000000)
  region size 1024K, 40 young (40960K), 1 survivors (1024K)
 Metaspace       used 63731K, committed 64064K, reserved 1114112K
  class space    used 6927K, committed 7104K, reserved 1048576K
}
Event: 89.961 GC heap after
{Heap after GC invocations=36 (full 0):
 garbage-first heap   total 157696K, used 98304K [0x0000000084e00000, 0x0000000100000000)
  region size 1024K, 5 young (5120K), 5 survivors (5120K)
 Metaspace       used 63731K, committed 64064K, reserved 1114112K
  class space    used 6927K, committed 7104K, reserved 1048576K
}
Event: 95.190 GC heap before
{Heap before GC invocations=36 (full 0):
 garbage-first heap   total 157696K, used 131072K [0x0000000084e00000, 0x0000000100000000)
  region size 1024K, 37 young (37888K), 5 survivors (5120K)
 Metaspace       used 64190K, committed 64512K, reserved 1114112K
  class space    used 6970K, committed 7104K, reserved 1048576K
}
Event: 95.229 GC heap after
{Heap after GC invocations=37 (full 0):
 garbage-first heap   total 157696K, used 106141K [0x0000000084e00000, 0x0000000100000000)
  region size 1024K, 5 young (5120K), 5 survivors (5120K)
 Metaspace       used 64190K, committed 64512K, reserved 1114112K
  class space    used 6970K, committed 7104K, reserved 1048576K
}
Event: 98.944 GC heap before
{Heap before GC invocations=37 (full 0):
 garbage-first heap   total 157696K, used 128669K [0x0000000084e00000, 0x0000000100000000)
  region size 1024K, 28 young (28672K), 5 survivors (5120K)
 Metaspace       used 67686K, committed 68032K, reserved 1114112K
  class space    used 7282K, committed 7424K, reserved 1048576K
}
Event: 98.971 GC heap after
{Heap after GC invocations=38 (full 0):
 garbage-first heap   total 157696K, used 110217K [0x0000000084e00000, 0x0000000100000000)
  region size 1024K, 4 young (4096K), 4 survivors (4096K)
 Metaspace       used 67686K, committed 68032K, reserved 1114112K
  class space    used 7282K, committed 7424K, reserved 1048576K
}
Event: 100.255 GC heap before
{Heap before GC invocations=38 (full 0):
 garbage-first heap   total 157696K, used 129673K [0x0000000084e00000, 0x0000000100000000)
  region size 1024K, 24 young (24576K), 4 survivors (4096K)
 Metaspace       used 70258K, committed 70592K, reserved 1114112K
  class space    used 7538K, committed 7680K, reserved 1048576K
}
Event: 100.275 GC heap after
{Heap after GC invocations=39 (full 0):
 garbage-first heap   total 157696K, used 112801K [0x0000000084e00000, 0x0000000100000000)
  region size 1024K, 3 young (3072K), 3 survivors (3072K)
 Metaspace       used 70258K, committed 70592K, reserved 1114112K
  class space    used 7538K, committed 7680K, reserved 1048576K
}
Event: 101.321 GC heap before
{Heap before GC invocations=39 (full 0):
 garbage-first heap   total 157696K, used 131233K [0x0000000084e00000, 0x0000000100000000)
  region size 1024K, 22 young (22528K), 3 survivors (3072K)
 Metaspace       used 72294K, committed 72640K, reserved 1179648K
  class space    used 7723K, committed 7872K, reserved 1048576K
}
Event: 101.335 GC heap after
{Heap after GC invocations=40 (full 0):
 garbage-first heap   total 157696K, used 114498K [0x0000000084e00000, 0x0000000100000000)
  region size 1024K, 2 young (2048K), 2 survivors (2048K)
 Metaspace       used 72294K, committed 72640K, reserved 1179648K
  class space    used 7723K, committed 7872K, reserved 1048576K
}
Event: 102.650 GC heap before
{Heap before GC invocations=40 (full 0):
 garbage-first heap   total 157696K, used 131906K [0x0000000084e00000, 0x0000000100000000)
  region size 1024K, 20 young (20480K), 2 survivors (2048K)
 Metaspace       used 73114K, committed 73408K, reserved 1179648K
  class space    used 7794K, committed 7936K, reserved 1048576K
}
Event: 102.664 GC heap after
{Heap after GC invocations=41 (full 0):
 garbage-first heap   total 189440K, used 115490K [0x0000000084e00000, 0x0000000100000000)
  region size 1024K, 1 young (1024K), 1 survivors (1024K)
 Metaspace       used 73114K, committed 73408K, reserved 1179648K
  class space    used 7794K, committed 7936K, reserved 1048576K
}

Deoptimization events (20 events):
Event: 103.010 Thread 0x0000020965b975d0 Uncommon trap: trap_request=0xffffff66 fr.pc=0x0000020975a5357c relative=0x00000000000004dc
Event: 103.010 Thread 0x0000020965b975d0 Uncommon trap: reason=speculate_class_check action=maybe_recompile pc=0x0000020975a5357c method=org.jetbrains.kotlin.backend.common.DeclarationTransformer$Visitor.visitFunction(Lorg/jetbrains/kotlin/ir/declarations/IrFunction;)V @ 18 c2
Event: 103.010 Thread 0x0000020965b975d0 DEOPT PACKING pc=0x0000020975a5357c sp=0x000000d18a4fd710
Event: 103.010 Thread 0x0000020965b975d0 DEOPT UNPACKING pc=0x00000209749c23a3 sp=0x000000d18a4fd698 mode 2
Event: 103.023 Thread 0x0000020965b975d0 Uncommon trap: trap_request=0xffffff66 fr.pc=0x0000020975a5357c relative=0x00000000000004dc
Event: 103.023 Thread 0x0000020965b975d0 Uncommon trap: reason=speculate_class_check action=maybe_recompile pc=0x0000020975a5357c method=org.jetbrains.kotlin.backend.common.DeclarationTransformer$Visitor.visitFunction(Lorg/jetbrains/kotlin/ir/declarations/IrFunction;)V @ 18 c2
Event: 103.023 Thread 0x0000020965b975d0 DEOPT PACKING pc=0x0000020975a5357c sp=0x000000d18a4fd710
Event: 103.023 Thread 0x0000020965b975d0 DEOPT UNPACKING pc=0x00000209749c23a3 sp=0x000000d18a4fd698 mode 2
Event: 103.035 Thread 0x0000020965b975d0 Uncommon trap: trap_request=0xffffffc6 fr.pc=0x0000020975a351c8 relative=0x00000000000001e8
Event: 103.035 Thread 0x0000020965b975d0 Uncommon trap: reason=bimorphic_or_optimized_type_check action=maybe_recompile pc=0x0000020975a351c8 method=org.jetbrains.kotlin.ir.util.IrUtilsKt.hasAnnotation(Lorg/jetbrains/kotlin/ir/declarations/IrAnnotationContainer;Lorg/jetbrains/kotlin/name/FqName;
Event: 103.035 Thread 0x0000020965b975d0 DEOPT PACKING pc=0x0000020975a351c8 sp=0x000000d18a4fc150
Event: 103.035 Thread 0x0000020965b975d0 DEOPT UNPACKING pc=0x00000209749c23a3 sp=0x000000d18a4fc120 mode 2
Event: 103.037 Thread 0x0000020965b975d0 Uncommon trap: trap_request=0xffffffde fr.pc=0x00000209758c88ec relative=0x000000000000064c
Event: 103.037 Thread 0x0000020965b975d0 Uncommon trap: reason=class_check action=maybe_recompile pc=0x00000209758c88ec method=org.jetbrains.kotlin.backend.common.UtilsKt.push(Ljava/util/List;Ljava/lang/Object;)Z @ 8 c2
Event: 103.037 Thread 0x0000020965b975d0 DEOPT PACKING pc=0x00000209758c88ec sp=0x000000d18a4fd930
Event: 103.037 Thread 0x0000020965b975d0 DEOPT UNPACKING pc=0x00000209749c23a3 sp=0x000000d18a4fd918 mode 2
Event: 103.037 Thread 0x0000020965b975d0 Uncommon trap: trap_request=0xffffffde fr.pc=0x0000020975891d98 relative=0x00000000000000f8
Event: 103.037 Thread 0x0000020965b975d0 Uncommon trap: reason=class_check action=maybe_recompile pc=0x0000020975891d98 method=org.jetbrains.kotlin.backend.common.UtilsKt.pop(Ljava/util/List;)Ljava/lang/Object; @ 8 c2
Event: 103.040 Thread 0x0000020965b975d0 DEOPT PACKING pc=0x0000020975891d98 sp=0x000000d18a4fd980
Event: 103.040 Thread 0x0000020965b975d0 DEOPT UNPACKING pc=0x00000209749c23a3 sp=0x000000d18a4fd938 mode 2

Classes unloaded (0 events):
No events

Classes redefined (0 events):
No events

Internal exceptions (20 events):
Event: 40.587 Thread 0x0000020965b975d0 Implicit null exception at 0x0000020975399b9c to 0x000002097539a15c
Event: 40.587 Thread 0x0000020965b975d0 Implicit null exception at 0x0000020975392980 to 0x0000020975392afc
Event: 41.613 Thread 0x0000020965b975d0 Implicit null exception at 0x0000020975381234 to 0x0000020975386144
Event: 58.465 Thread 0x0000020965b975d0 Implicit null exception at 0x000002097526bc3c to 0x000002097526bcca
Event: 58.465 Thread 0x0000020965b975d0 Implicit null exception at 0x000002097535c5cd to 0x000002097535c8b0
Event: 58.465 Thread 0x0000020965b975d0 Implicit null exception at 0x000002097526b73f to 0x000002097526b7de
Event: 76.915 Thread 0x0000020965b975d0 Implicit null exception at 0x000002097511286a to 0x0000020975112a14
Event: 77.116 Thread 0x0000020965b975d0 Implicit null exception at 0x00000209753f8736 to 0x00000209753f8ff8
Event: 81.074 Thread 0x0000020965b975d0 Exception <a 'java/lang/NoSuchMethodError'{0x000000008d93b978}: 'java.lang.Object java.lang.invoke.DirectMethodHandle$Holder.invokeStaticInit(java.lang.Object, java.lang.Object, java.lang.Object, java.lang.Object)'> (0x000000008d93b978) 
thrown [s\open\src\hotspot\share\interpreter\linkResolver.cpp, line 759]
Event: 81.500 Thread 0x0000020965b975d0 Implicit null exception at 0x00000209754bb633 to 0x00000209754bb79c
Event: 81.780 Thread 0x0000020965b975d0 Exception <a 'java/lang/NoSuchMethodError'{0x000000008cbcf730}: 'java.lang.Object java.lang.invoke.DirectMethodHandle$Holder.newInvokeSpecial(java.lang.Object, java.lang.Object, java.lang.Object, int, int)'> (0x000000008cbcf730) 
thrown [s\open\src\hotspot\share\interpreter\linkResolver.cpp, line 759]
Event: 81.781 Thread 0x0000020965b975d0 Exception <a 'java/lang/NoSuchMethodError'{0x000000008cbd3570}: 'java.lang.Object java.lang.invoke.DirectMethodHandle$Holder.invokeSpecial(java.lang.Object, java.lang.Object, java.lang.Object, java.lang.Object, int, int)'> (0x000000008cbd3570) 
thrown [s\open\src\hotspot\share\interpreter\linkResolver.cpp, line 759]
Event: 82.018 Thread 0x0000020965b975d0 Exception <a 'java/lang/NoSuchMethodError'{0x000000008c8a8750}: 'java.lang.Object java.lang.invoke.DirectMethodHandle$Holder.invokeSpecial(java.lang.Object, java.lang.Object, int, int, java.lang.Object, java.lang.Object, java.lang.Object, java.lang.Object, java.lang.Object)'> (0x000000008c8a8750) 
thrown [s\open\src\hotspot\share\interpreter\linkResolver.cpp, line 759]
Event: 85.153 Thread 0x0000020965b975d0 Implicit null exception at 0x000002097508da70 to 0x000002097508dcac
Event: 85.389 Thread 0x0000020965b975d0 Exception <a 'java/lang/NoSuchMethodError'{0x000000008dbd3798}: 'java.lang.Object java.lang.invoke.DirectMethodHandle$Holder.invokeStatic(java.lang.Object, java.lang.Object, java.lang.Object, int, int, java.lang.Object, java.lang.Object, java.lang.Object, java.lang.Object)'> (0x000000008dbd3798) 
thrown [s\open\src\hotspot\share\interpreter\linkResolver.cpp, line 759]
Event: 85.391 Thread 0x0000020965b975d0 Exception <a 'java/lang/NoSuchMethodError'{0x000000008dbdda60}: 'java.lang.Object java.lang.invoke.DirectMethodHandle$Holder.newInvokeSpecial(java.lang.Object, java.lang.Object, java.lang.Object, int, int, java.lang.Object)'> (0x000000008dbdda60) 
thrown [s\open\src\hotspot\share\interpreter\linkResolver.cpp, line 759]
Event: 85.394 Thread 0x0000020965b975d0 Exception <a 'java/lang/NoSuchMethodError'{0x000000008dbe5400}: 'java.lang.Object java.lang.invoke.Invokers$Holder.linkToTargetMethod(java.lang.Object, java.lang.Object, int, int, java.lang.Object, java.lang.Object)'> (0x000000008dbe5400) 
thrown [s\open\src\hotspot\share\interpreter\linkResolver.cpp, line 759]
Event: 94.137 Thread 0x0000020965b975d0 Implicit null exception at 0x00000209759c34b0 to 0x00000209759c3e08
Event: 95.672 Thread 0x0000020965b975d0 Implicit null exception at 0x00000209755ab713 to 0x00000209755ab864
Event: 102.073 Thread 0x0000020965b975d0 Implicit null exception at 0x0000020975a12a35 to 0x0000020975a12c52

VM Operations (20 events):
Event: 100.548 Executing VM operation: HandshakeAllThreads
Event: 100.548 Executing VM operation: HandshakeAllThreads done
Event: 100.548 Executing VM operation: HandshakeAllThreads
Event: 100.548 Executing VM operation: HandshakeAllThreads done
Event: 100.810 Executing VM operation: ICBufferFull
Event: 100.810 Executing VM operation: ICBufferFull done
Event: 101.321 Executing VM operation: G1CollectForAllocation
Event: 101.335 Executing VM operation: G1CollectForAllocation done
Event: 101.652 Executing VM operation: HandshakeAllThreads
Event: 101.652 Executing VM operation: HandshakeAllThreads done
Event: 101.889 Executing VM operation: HandshakeAllThreads
Event: 101.889 Executing VM operation: HandshakeAllThreads done
Event: 101.891 Executing VM operation: HandshakeAllThreads
Event: 101.891 Executing VM operation: HandshakeAllThreads done
Event: 101.981 Executing VM operation: HandshakeAllThreads
Event: 101.981 Executing VM operation: HandshakeAllThreads done
Event: 102.055 Executing VM operation: ICBufferFull
Event: 102.055 Executing VM operation: ICBufferFull done
Event: 102.650 Executing VM operation: G1CollectForAllocation
Event: 102.665 Executing VM operation: G1CollectForAllocation done

Events (20 events):
Event: 100.562 Thread 0x000002097f3c3c80 flushing nmethod 0x000002096d781c10
Event: 100.563 Thread 0x000002097f3c3c80 flushing nmethod 0x000002096d805690
Event: 100.563 Thread 0x000002097f3c3c80 flushing nmethod 0x000002096d83b810
Event: 100.563 Thread 0x000002097f3c3c80 flushing nmethod 0x000002096d845210
Event: 100.567 Thread 0x000002097f3c3c80 flushing nmethod 0x000002096db86390
Event: 100.574 Thread 0x000002097f3c3c80 flushing nmethod 0x000002096dfe2610
Event: 100.575 Thread 0x000002097f3c3c80 flushing nmethod 0x000002096e0a8c10
Event: 100.578 Thread 0x000002097f3c3c80 flushing nmethod 0x000002096e2c8710
Event: 100.578 Thread 0x000002097f3c3c80 flushing nmethod 0x000002096e2f3890
Event: 100.579 Thread 0x000002097f3c3c80 flushing nmethod 0x000002096e3bbc10
Event: 100.580 Thread 0x000002097f3c3c80 flushing nmethod 0x000002096e405610
Event: 100.580 Thread 0x000002097f3c3c80 flushing nmethod 0x000002096e488a10
Event: 100.584 Thread 0x000002097f3c3c80 flushing nmethod 0x000002096e772610
Event: 100.590 Thread 0x000002097f3c3c80 flushing nmethod 0x000002096ec77e90
Event: 100.592 Thread 0x000002097f3c3c80 flushing nmethod 0x000002096ee40890
Event: 100.592 Thread 0x000002097f3c3c80 flushing nmethod 0x000002096ee40d90
Event: 100.593 Thread 0x000002097f3c3c80 flushing nmethod 0x000002096ef13510
Event: 100.598 Thread 0x000002097f3c3c80 flushing nmethod 0x000002096f2faf90
Event: 100.606 Thread 0x000002097f3c3c80 flushing nmethod 0x000002096f90ec10
Event: 100.678 Thread 0x000002094bb33650 Thread added: 0x000002094bb33650


Dynamic libraries:
0x00007ff6fd610000 - 0x00007ff6fd620000 	C:\Program Files\Java\jdk-17\bin\java.exe
0x00007ff844310000 - 0x00007ff844508000 	C:\WINDOWS\SYSTEM32\ntdll.dll
0x00007ff843200000 - 0x00007ff8432c1000 	C:\WINDOWS\System32\KERNEL32.DLL
0x00007ff8419f0000 - 0x00007ff841ced000 	C:\WINDOWS\System32\KERNELBASE.dll
0x00007ff841f10000 - 0x00007ff842010000 	C:\WINDOWS\System32\ucrtbase.dll
0x00007ff82deb0000 - 0x00007ff82dec9000 	C:\Program Files\Java\jdk-17\bin\jli.dll
0x00007ff842600000 - 0x00007ff8426b0000 	C:\WINDOWS\System32\ADVAPI32.dll
0x00007ff843ac0000 - 0x00007ff843b5e000 	C:\WINDOWS\System32\msvcrt.dll
0x00007ff842490000 - 0x00007ff842530000 	C:\WINDOWS\System32\sechost.dll
0x00007ff843300000 - 0x00007ff843423000 	C:\WINDOWS\System32\RPCRT4.dll
0x00007ff841d80000 - 0x00007ff841da7000 	C:\WINDOWS\System32\bcrypt.dll
0x00007ff843790000 - 0x00007ff84392d000 	C:\WINDOWS\System32\USER32.dll
0x00007ff8419c0000 - 0x00007ff8419e2000 	C:\WINDOWS\System32\win32u.dll
0x00007ff8432d0000 - 0x00007ff8432fb000 	C:\WINDOWS\System32\GDI32.dll
0x00007ff8421b0000 - 0x00007ff8422c7000 	C:\WINDOWS\System32\gdi32full.dll
0x00007ff842060000 - 0x00007ff8420fd000 	C:\WINDOWS\System32\msvcp_win.dll
0x00007ff82ded0000 - 0x00007ff82deeb000 	C:\Program Files\Java\jdk-17\bin\VCRUNTIME140.dll
0x00007ff82f630000 - 0x00007ff82f8ca000 	C:\WINDOWS\WinSxS\amd64_microsoft.windows.common-controls_6595b64144ccf1df_6.0.19041.4355_none_60b8b9eb71f62e16\COMCTL32.dll
0x00007ff839240000 - 0x00007ff83924a000 	C:\WINDOWS\SYSTEM32\VERSION.dll
0x00007ff842840000 - 0x00007ff84286f000 	C:\WINDOWS\System32\IMM32.DLL
0x00007ff83ecd0000 - 0x00007ff83ecdc000 	C:\Program Files\Java\jdk-17\bin\vcruntime140_1.dll
0x00007ff817af0000 - 0x00007ff817b7e000 	C:\Program Files\Java\jdk-17\bin\msvcp140.dll
0x00007fffd2a50000 - 0x00007fffd3631000 	C:\Program Files\Java\jdk-17\bin\server\jvm.dll
0x00007ff843ab0000 - 0x00007ff843ab8000 	C:\WINDOWS\System32\PSAPI.DLL
0x00007ff83de40000 - 0x00007ff83de49000 	C:\WINDOWS\SYSTEM32\WSOCK32.dll
0x00007ff842bd0000 - 0x00007ff842c3b000 	C:\WINDOWS\System32\WS2_32.dll
0x00007ff832520000 - 0x00007ff832547000 	C:\WINDOWS\SYSTEM32\WINMM.dll
0x00007ff83f840000 - 0x00007ff83f852000 	C:\WINDOWS\SYSTEM32\kernel.appcore.dll
0x00007ff83d540000 - 0x00007ff83d54a000 	C:\Program Files\Java\jdk-17\bin\jimage.dll
0x00007ff832170000 - 0x00007ff832354000 	C:\WINDOWS\SYSTEM32\DBGHELP.DLL
0x00007ff831240000 - 0x00007ff831274000 	C:\WINDOWS\SYSTEM32\dbgcore.DLL
0x00007ff841cf0000 - 0x00007ff841d72000 	C:\WINDOWS\System32\bcryptPrimitives.dll
0x00007ff82de80000 - 0x00007ff82dea5000 	C:\Program Files\Java\jdk-17\bin\java.dll
0x00007fffecf50000 - 0x00007fffed027000 	C:\Program Files\Java\jdk-17\bin\jsvml.dll
0x00007ff843b60000 - 0x00007ff8442cf000 	C:\WINDOWS\System32\SHELL32.dll
0x00007ff83fa40000 - 0x00007ff8401df000 	C:\WINDOWS\SYSTEM32\windows.storage.dll
0x00007ff842870000 - 0x00007ff842bc3000 	C:\WINDOWS\System32\combase.dll
0x00007ff8413e0000 - 0x00007ff84140e000 	C:\WINDOWS\SYSTEM32\Wldp.dll
0x00007ff8434b0000 - 0x00007ff84357d000 	C:\WINDOWS\System32\OLEAUT32.dll
0x00007ff842c40000 - 0x00007ff842ced000 	C:\WINDOWS\System32\SHCORE.dll
0x00007ff842340000 - 0x00007ff842395000 	C:\WINDOWS\System32\shlwapi.dll
0x00007ff8418f0000 - 0x00007ff841914000 	C:\WINDOWS\SYSTEM32\profapi.dll
0x00007ff82d2e0000 - 0x00007ff82d2f9000 	C:\Program Files\Java\jdk-17\bin\net.dll
0x00007ff83a150000 - 0x00007ff83a25d000 	C:\WINDOWS\SYSTEM32\WINHTTP.dll
0x00007ff841140000 - 0x00007ff8411aa000 	C:\WINDOWS\system32\mswsock.dll
0x00007ff82c560000 - 0x00007ff82c576000 	C:\Program Files\Java\jdk-17\bin\nio.dll
0x00007ff82bfb0000 - 0x00007ff82bfc8000 	C:\Program Files\Java\jdk-17\bin\zip.dll
0x00007ff83d4c0000 - 0x00007ff83d4d0000 	C:\Program Files\Java\jdk-17\bin\verify.dll

dbghelp: loaded successfully - version: 4.0.5 - missing functions: none
symbol engine: initialized successfully - sym options: 0x614 - pdb path: .;C:\Program Files\Java\jdk-17\bin;C:\WINDOWS\SYSTEM32;C:\WINDOWS\WinSxS\amd64_microsoft.windows.common-controls_6595b64144ccf1df_6.0.19041.4355_none_60b8b9eb71f62e16;C:\Program Files\Java\jdk-17\bin\server

VM Arguments:
java_command: org.jetbrains.kotlin.cli.jvm.K2JVMCompiler @E:\BridgeZones\BridgeZones\node_modules\react-native-screens\android\build\20240914_14869077436020098378.compiler.options
java_class_path (initial): C:\Users\AJ\.gradle\caches\modules-2\files-2.1\org.jetbrains.kotlin\kotlin-compiler-embeddable\1.9.22\9cd4dc7773cf2a99ecd961a88fbbc9a2da3fb5e1\kotlin-compiler-embeddable-1.9.22.jar;C:\Users\AJ\.gradle\caches\modules-2\files-2.1\org.jetbrains.kotlin\kotlin-stdlib\1.9.22\d6c44cd08d8f3f9bece8101216dbe6553365c6e3\kotlin-stdlib-1.9.22.jar;C:\Users\AJ\.gradle\caches\modules-2\files-2.1\org.jetbrains.kotlin\kotlin-script-runtime\1.9.22\f8139a46fc677ec9badc49ae954392f4f5e7e7c7\kotlin-script-runtime-1.9.22.jar;C:\Users\AJ\.gradle\caches\modules-2\files-2.1\org.jetbrains.kotlin\kotlin-reflect\1.6.10\1cbe9c92c12a94eea200d23c2bbaedaf3daf5132\kotlin-reflect-1.6.10.jar;C:\Users\AJ\.gradle\caches\modules-2\files-2.1\org.jetbrains.kotlin\kotlin-daemon-embeddable\1.9.22\20e2c5df715f3240c765cfc222530e2796542021\kotlin-daemon-embeddable-1.9.22.jar;C:\Users\AJ\.gradle\caches\modules-2\files-2.1\org.jetbrains.intellij.deps\trove4j\1.0.20200330\3afb14d5f9ceb459d724e907a21145e8ff394f02\trove4j-1.0.20200330.jar;C:\Users\AJ\.gradle\caches\modules-2\files-2.1\org.jetbrains\annotations\13.0\919f0dfe192fb4e063e7dacadee7f8bb9a2672a9\annotations-13.0.jar
Launcher Type: SUN_STANDARD

[Global flags]
     intx CICompilerCount                          = 3                                         {product} {ergonomic}
     uint ConcGCThreads                            = 1                                         {product} {ergonomic}
     uint G1ConcRefinementThreads                  = 4                                         {product} {ergonomic}
   size_t G1HeapRegionSize                         = 1048576                                   {product} {ergonomic}
    uintx GCDrainStackTargetSize                   = 64                                        {product} {ergonomic}
   size_t InitialHeapSize                          = 130023424                                 {product} {ergonomic}
   size_t MarkStackSize                            = 4194304                                   {product} {ergonomic}
   size_t MaxHeapSize                              = 2065694720                                {product} {ergonomic}
   size_t MaxNewSize                               = 1239416832                                {product} {ergonomic}
   size_t MinHeapDeltaBytes                        = 1048576                                   {product} {ergonomic}
   size_t MinHeapSize                              = 8388608                                   {product} {ergonomic}
    uintx NonNMethodCodeHeapSize                   = 5832780                                {pd product} {ergonomic}
    uintx NonProfiledCodeHeapSize                  = 122912730                              {pd product} {ergonomic}
    uintx ProfiledCodeHeapSize                     = 122912730                              {pd product} {ergonomic}
    uintx ReservedCodeCacheSize                    = 251658240                              {pd product} {ergonomic}
     bool SegmentedCodeCache                       = true                                      {product} {ergonomic}
   size_t SoftMaxHeapSize                          = 2065694720                             {manageable} {ergonomic}
     bool UseCompressedClassPointers               = true                           {product lp64_product} {ergonomic}
     bool UseCompressedOops                        = true                           {product lp64_product} {ergonomic}
     bool UseG1GC                                  = true                                      {product} {ergonomic}
     bool UseLargePagesIndividualAllocation        = false                                  {pd product} {ergonomic}

Logging:
Log output configuration:
 #0: stdout all=warning uptime,level,tags
 #1: stderr all=off uptime,level,tags

Environment Variables:
JAVA_HOME=C:\Program Files\Java\jdk-17
CLASSPATH=E:\BridgeZones\BridgeZones\android\\gradle\wrapper\gradle-wrapper.jar
PATH=C:\Program Files\Common Files\Oracle\Java\javapath;C:\Program Files (x86)\OpenLogic\jre-8.0.382.05-hotspot\bin;C:\Program Files\Microsoft\jdk-11.0.18.10-hotspot\bin;C:\ProgramData\chocolatey\bin;C:\Users\AJ\AppData\Local\Android\Sdk\platform-tools;C:\WINDOWS\system32;C:\WINDOWS;C:\WINDOWS\System32\Wbem;C:\WINDOWS\System32\WindowsPowerShell\v1.0\;C:\WINDOWS\System32\OpenSSH\;C:\Users\AJ\AppData\Local\Programs\Python\Python312\;C:\Users\AJ\AppData\Local\Programs\Python\Python312\Scripts\;C:\Program Files\Git\cmd;C:\Program Files\Git\bin;C:\Program Files\nodejs\;C:\Program Files (x86)\Microsoft SQL Server\160\Tools\Binn\;C:\Program Files\Microsoft SQL Server\160\Tools\Binn\;C:\Program Files\Microsoft SQL Server\Client SDK\ODBC\170\Tools\Binn\;C:\Program Files\Microsoft SQL Server\160\DTS\Binn\;C:\Users\AJ\AppData\Local\Programs\Python\Launcher\;C:\Users\AJ\AppData\Local\Microsoft\WindowsApps;C:\Users\AJ\AppData\Local\Programs\Microsoft VS Code\bin;C:\Users\AJ\AppData\Roaming\npm;C:\Users\AJ\AppData\Local\JetBrains\IntelliJ IDEA 2024.1.3\bin
USERNAME=AJ
LANG=en_US.UTF-8
OS=Windows_NT
PROCESSOR_IDENTIFIER=Intel64 Family 6 Model 69 Stepping 1, GenuineIntel



---------------  S Y S T E M  ---------------

OS:
 Windows 10 , 64 bit Build 19041 (10.0.19041.4717)
OS uptime: 0 days 19:10 hours

CPU: total 4 (initial active 4) (2 cores per cpu, 2 threads per core) family 6 model 69 stepping 1 microcode 0x25, cx8, cmov, fxsr, ht, mmx, sse, sse2, sse3, ssse3, sse4.1, sse4.2, popcnt, lzcnt, tsc, tscinvbit, avx, avx2, aes, erms, clmul, bmi1, bmi2, fma, vzeroupper, clflush

Memory: 4k page, system-wide physical 7878M (450M free)
TotalPageFile size 17860M (AvailPageFile size 5M)
current process WorkingSet (physical memory assigned to process): 405M, peak: 405M
current process commit charge ("private bytes"): 464M, peak: 467M

vm_info: Java HotSpot(TM) 64-Bit Server VM (17.0.9+11-LTS-201) for windows-amd64 JRE (17.0.9+11-LTS-201), built on Oct 10 2023 23:16:06 by "mach5one" with MS VC++ 17.1 (VS2022)

END.
