#
# There is insufficient memory for the Java Runtime Environment to continue.
# Native memory allocation (malloc) failed to allocate 1257360 bytes for Chunk::new
# Possible reasons:
#   The system is out of physical RAM or swap space
#   The process is running with CompressedOops enabled, and the Java Heap may be blocking the growth of the native heap
# Possible solutions:
#   Reduce memory load on the system
#   Increase physical memory or swap space
#   Check if swap backing store is full
#   Decrease Java heap size (-Xmx/-Xms)
#   Decrease number of Java threads
#   Decrease Java thread stack sizes (-Xss)
#   Set larger code cache with -XX:ReservedCodeCacheSize=
#   JVM is running with Unscaled Compressed Oops mode in which the Java heap is
#     placed in the first 4GB address space. The Java Heap base address is the
#     maximum limit for the native heap growth. Please use -XX:HeapBaseMinAddress
#     to set the Java Heap base and to place the Java Heap above 4GB virtual address.
# This output file may be truncated or incomplete.
#
#  Out of Memory Error (arena.cpp:189), pid=18424, tid=19324
#
# JRE version: Java(TM) SE Runtime Environment (17.0.9+11) (build 17.0.9+11-LTS-201)
# Java VM: Java HotSpot(TM) 64-Bit Server VM (17.0.9+11-LTS-201, mixed mode, sharing, tiered, compressed oops, compressed class ptrs, g1 gc, windows-amd64)
# No core dump will be written. Minidumps are not enabled by default on client versions of Windows
#

---------------  S U M M A R Y ------------

Command Line: -Xmx64m -Xms64m -Dorg.gradle.appname=gradlew org.gradle.wrapper.GradleWrapperMain clean build

Host: Intel(R) Core(TM) i5-4300U CPU @ 1.90GHz, 4 cores, 7G,  Windows 10 , 64 bit Build 19041 (10.0.19041.4717)
Time: Sat Sep 14 13:21:19 2024 Pakistan Standard Time elapsed time: 322.086600 seconds (0d 0h 5m 22s)

---------------  T H R E A D  ---------------

Current thread (0x0000013efe6d3ed0):  JavaThread "C2 CompilerThread0" daemon [_thread_in_native, id=19324, stack(0x0000002066700000,0x0000002066800000)]


Current CompileTask:
C2: 322086 2113       4       org.gradle.internal.logging.console.WorkInProgressRenderer::onOutput (53 bytes)

Stack: [0x0000002066700000,0x0000002066800000]
Native frames: (J=compiled Java code, j=interpreted, Vv=VM code, C=native code)
V  [jvm.dll+0x678a4a]
V  [jvm.dll+0x7d9cfd]
V  [jvm.dll+0x7db60e]
V  [jvm.dll+0x7dbc73]
V  [jvm.dll+0x245e1f]
V  [jvm.dll+0xaaafb]
V  [jvm.dll+0xab09c]
V  [jvm.dll+0x36237e]
V  [jvm.dll+0x1bbb3a]
V  [jvm.dll+0x218287]
V  [jvm.dll+0x217561]
V  [jvm.dll+0x1a3bc0]
V  [jvm.dll+0x2272de]
V  [jvm.dll+0x22548b]
V  [jvm.dll+0x78f58c]
V  [jvm.dll+0x78998a]
V  [jvm.dll+0x677875]
C  [ucrtbase.dll+0x21bb2]
C  [KERNEL32.DLL+0x17374]
C  [ntdll.dll+0x4cc91]


---------------  P R O C E S S  ---------------

Threads class SMR info:
_java_thread_list=0x0000013efeb4b050, length=15, elements={
0x0000013ee56f9fb0, 0x0000013ee78c7dd0, 0x0000013ee78c8b60, 0x0000013efe6cefb0,
0x0000013efe6d24b0, 0x0000013efe6d3130, 0x0000013efe6d3610, 0x0000013efe6d3ed0,
0x0000013efe6d6c50, 0x0000013efe6e3620, 0x0000013efe90ed40, 0x0000013efe9158e0,
0x0000013eff1710d0, 0x0000013ec736a5e0, 0x0000013efeb31c50
}

Java Threads: ( => current thread )
  0x0000013ee56f9fb0 JavaThread "main" [_thread_in_native, id=12296, stack(0x0000002065a00000,0x0000002065b00000)]
  0x0000013ee78c7dd0 JavaThread "Reference Handler" daemon [_thread_blocked, id=5040, stack(0x0000002066100000,0x0000002066200000)]
  0x0000013ee78c8b60 JavaThread "Finalizer" daemon [_thread_blocked, id=15136, stack(0x0000002066200000,0x0000002066300000)]
  0x0000013efe6cefb0 JavaThread "Signal Dispatcher" daemon [_thread_blocked, id=18552, stack(0x0000002066300000,0x0000002066400000)]
  0x0000013efe6d24b0 JavaThread "Attach Listener" daemon [_thread_blocked, id=11020, stack(0x0000002066400000,0x0000002066500000)]
  0x0000013efe6d3130 JavaThread "Service Thread" daemon [_thread_blocked, id=13960, stack(0x0000002066500000,0x0000002066600000)]
  0x0000013efe6d3610 JavaThread "Monitor Deflation Thread" daemon [_thread_blocked, id=9520, stack(0x0000002066600000,0x0000002066700000)]
=>0x0000013efe6d3ed0 JavaThread "C2 CompilerThread0" daemon [_thread_in_native, id=19324, stack(0x0000002066700000,0x0000002066800000)]
  0x0000013efe6d6c50 JavaThread "C1 CompilerThread0" daemon [_thread_blocked, id=6168, stack(0x0000002066800000,0x0000002066900000)]
  0x0000013efe6e3620 JavaThread "Sweeper thread" daemon [_thread_blocked, id=15604, stack(0x0000002066900000,0x0000002066a00000)]
  0x0000013efe90ed40 JavaThread "Notification Thread" daemon [_thread_blocked, id=18188, stack(0x0000002066a00000,0x0000002066b00000)]
  0x0000013efe9158e0 JavaThread "Common-Cleaner" daemon [_thread_blocked, id=5288, stack(0x0000002066c00000,0x0000002066d00000)]
  0x0000013eff1710d0 JavaThread "pool-1-thread-1" [_thread_in_native, id=12056, stack(0x0000002067100000,0x0000002067200000)]
  0x0000013ec736a5e0 JavaThread "DisconnectableInputStream source reader" daemon [_thread_in_native, id=17432, stack(0x0000002067200000,0x0000002067300000)]
  0x0000013efeb31c50 JavaThread "Forward input" [_thread_blocked, id=9196, stack(0x0000002067300000,0x0000002067400000)]

Other Threads:
  0x0000013ee78c0240 VMThread "VM Thread" [stack: 0x0000002066000000,0x0000002066100000] [id=10416]
  0x0000013efe915650 WatcherThread [stack: 0x0000002066b00000,0x0000002066c00000] [id=976]
  0x0000013ee7815d70 GCTaskThread "GC Thread#0" [stack: 0x0000002065b00000,0x0000002065c00000] [id=1812]
  0x0000013efed12540 GCTaskThread "GC Thread#1" [stack: 0x0000002066e00000,0x0000002066f00000] [id=17564]
  0x0000013efec719c0 GCTaskThread "GC Thread#2" [stack: 0x0000002066f00000,0x0000002067000000] [id=15064]
  0x0000013efec834f0 GCTaskThread "GC Thread#3" [stack: 0x0000002067000000,0x0000002067100000] [id=5444]
  0x0000013ee78183e0 ConcurrentGCThread "G1 Main Marker" [stack: 0x0000002065c00000,0x0000002065d00000] [id=13748]
  0x0000013ee7819d10 ConcurrentGCThread "G1 Conc#0" [stack: 0x0000002065d00000,0x0000002065e00000] [id=5264]
  0x0000013ee7865760 ConcurrentGCThread "G1 Refine#0" [stack: 0x0000002065e00000,0x0000002065f00000] [id=7968]
  0x0000013ee78660a0 ConcurrentGCThread "G1 Service" [stack: 0x0000002065f00000,0x0000002066000000] [id=11488]

Threads with active compile tasks:
C2 CompilerThread0   322135 2113       4       org.gradle.internal.logging.console.WorkInProgressRenderer::onOutput (53 bytes)

VM state: not at safepoint (normal execution)

VM Mutex/Monitor currently owned by a thread: None

Heap address: 0x00000000fc000000, size: 64 MB, Compressed Oops mode: 32-bit

CDS archive(s) mapped at: [0x0000013e82000000-0x0000013e82bd0000-0x0000013e82bd0000), size 12386304, SharedBaseAddress: 0x0000013e82000000, ArchiveRelocationMode: 1.
Compressed class space mapped at: 0x0000013e83000000-0x0000013ec3000000, reserved size: 1073741824
Narrow klass base: 0x0000013e82000000, Narrow klass shift: 0, Narrow klass range: 0x100000000

GC Precious Log:
 CPUs: 4 total, 4 available
 Memory: 7878M
 Large Page Support: Disabled
 NUMA Support: Disabled
 Compressed Oops: Enabled (32-bit)
 Heap Region Size: 1M
 Heap Min Capacity: 64M
 Heap Initial Capacity: 64M
 Heap Max Capacity: 64M
 Pre-touch: Disabled
 Parallel Workers: 4
 Concurrent Workers: 1
 Concurrent Refinement Workers: 4
 Periodic GC: Disabled

Heap:
 garbage-first heap   total 65536K, used 19022K [0x00000000fc000000, 0x0000000100000000)
  region size 1024K, 9 young (9216K), 3 survivors (3072K)
 Metaspace       used 10628K, committed 10752K, reserved 1114112K
  class space    used 1350K, committed 1408K, reserved 1048576K

Heap Regions: E=young(eden), S=young(survivor), O=old, HS=humongous(starts), HC=humongous(continues), CS=collection set, F=free, OA=open archive, CA=closed archive, TAMS=top-at-mark-start (previous, next)
|   0|0x00000000fc000000, 0x00000000fc100000, 0x00000000fc100000|100%| O|  |TAMS 0x00000000fc000000, 0x00000000fc000000| Untracked 
|   1|0x00000000fc100000, 0x00000000fc200000, 0x00000000fc200000|100%| O|  |TAMS 0x00000000fc100000, 0x00000000fc100000| Untracked 
|   2|0x00000000fc200000, 0x00000000fc300000, 0x00000000fc300000|100%|HS|  |TAMS 0x00000000fc200000, 0x00000000fc200000| Complete 
|   3|0x00000000fc300000, 0x00000000fc400000, 0x00000000fc400000|100%|HC|  |TAMS 0x00000000fc300000, 0x00000000fc300000| Complete 
|   4|0x00000000fc400000, 0x00000000fc500000, 0x00000000fc500000|100%|HC|  |TAMS 0x00000000fc400000, 0x00000000fc400000| Complete 
|   5|0x00000000fc500000, 0x00000000fc600000, 0x00000000fc600000|100%|HC|  |TAMS 0x00000000fc500000, 0x00000000fc500000| Complete 
|   6|0x00000000fc600000, 0x00000000fc700000, 0x00000000fc700000|100%| O|  |TAMS 0x00000000fc600000, 0x00000000fc600000| Untracked 
|   7|0x00000000fc700000, 0x00000000fc800000, 0x00000000fc800000|100%| O|  |TAMS 0x00000000fc700000, 0x00000000fc700000| Untracked 
|   8|0x00000000fc800000, 0x00000000fc900000, 0x00000000fc900000|100%| O|  |TAMS 0x00000000fc800000, 0x00000000fc800000| Untracked 
|   9|0x00000000fc900000, 0x00000000fca00000, 0x00000000fca00000|100%| O|  |TAMS 0x00000000fc900000, 0x00000000fc900000| Untracked 
|  10|0x00000000fca00000, 0x00000000fcb00000, 0x00000000fcb00000|100%| O|  |TAMS 0x00000000fca00000, 0x00000000fca00000| Untracked 
|  11|0x00000000fcb00000, 0x00000000fcb0a200, 0x00000000fcc00000|  3%| O|  |TAMS 0x00000000fcb00000, 0x00000000fcb00000| Untracked 
|  12|0x00000000fcc00000, 0x00000000fcc00000, 0x00000000fcd00000|  0%| F|  |TAMS 0x00000000fcc00000, 0x00000000fcc00000| Untracked 
|  13|0x00000000fcd00000, 0x00000000fcd00000, 0x00000000fce00000|  0%| F|  |TAMS 0x00000000fcd00000, 0x00000000fcd00000| Untracked 
|  14|0x00000000fce00000, 0x00000000fce00000, 0x00000000fcf00000|  0%| F|  |TAMS 0x00000000fce00000, 0x00000000fce00000| Untracked 
|  15|0x00000000fcf00000, 0x00000000fcf00000, 0x00000000fd000000|  0%| F|  |TAMS 0x00000000fcf00000, 0x00000000fcf00000| Untracked 
|  16|0x00000000fd000000, 0x00000000fd000000, 0x00000000fd100000|  0%| F|  |TAMS 0x00000000fd000000, 0x00000000fd000000| Untracked 
|  17|0x00000000fd100000, 0x00000000fd100000, 0x00000000fd200000|  0%| F|  |TAMS 0x00000000fd100000, 0x00000000fd100000| Untracked 
|  18|0x00000000fd200000, 0x00000000fd200000, 0x00000000fd300000|  0%| F|  |TAMS 0x00000000fd200000, 0x00000000fd200000| Untracked 
|  19|0x00000000fd300000, 0x00000000fd300000, 0x00000000fd400000|  0%| F|  |TAMS 0x00000000fd300000, 0x00000000fd300000| Untracked 
|  20|0x00000000fd400000, 0x00000000fd400000, 0x00000000fd500000|  0%| F|  |TAMS 0x00000000fd400000, 0x00000000fd400000| Untracked 
|  21|0x00000000fd500000, 0x00000000fd500000, 0x00000000fd600000|  0%| F|  |TAMS 0x00000000fd500000, 0x00000000fd500000| Untracked 
|  22|0x00000000fd600000, 0x00000000fd600000, 0x00000000fd700000|  0%| F|  |TAMS 0x00000000fd600000, 0x00000000fd600000| Untracked 
|  23|0x00000000fd700000, 0x00000000fd700000, 0x00000000fd800000|  0%| F|  |TAMS 0x00000000fd700000, 0x00000000fd700000| Untracked 
|  24|0x00000000fd800000, 0x00000000fd800000, 0x00000000fd900000|  0%| F|  |TAMS 0x00000000fd800000, 0x00000000fd800000| Untracked 
|  25|0x00000000fd900000, 0x00000000fd900000, 0x00000000fda00000|  0%| F|  |TAMS 0x00000000fd900000, 0x00000000fd900000| Untracked 
|  26|0x00000000fda00000, 0x00000000fda00000, 0x00000000fdb00000|  0%| F|  |TAMS 0x00000000fda00000, 0x00000000fda00000| Untracked 
|  27|0x00000000fdb00000, 0x00000000fdb00000, 0x00000000fdc00000|  0%| F|  |TAMS 0x00000000fdb00000, 0x00000000fdb00000| Untracked 
|  28|0x00000000fdc00000, 0x00000000fdc00000, 0x00000000fdd00000|  0%| F|  |TAMS 0x00000000fdc00000, 0x00000000fdc00000| Untracked 
|  29|0x00000000fdd00000, 0x00000000fdd00000, 0x00000000fde00000|  0%| F|  |TAMS 0x00000000fdd00000, 0x00000000fdd00000| Untracked 
|  30|0x00000000fde00000, 0x00000000fde00000, 0x00000000fdf00000|  0%| F|  |TAMS 0x00000000fde00000, 0x00000000fde00000| Untracked 
|  31|0x00000000fdf00000, 0x00000000fdf00000, 0x00000000fe000000|  0%| F|  |TAMS 0x00000000fdf00000, 0x00000000fdf00000| Untracked 
|  32|0x00000000fe000000, 0x00000000fe000000, 0x00000000fe100000|  0%| F|  |TAMS 0x00000000fe000000, 0x00000000fe000000| Untracked 
|  33|0x00000000fe100000, 0x00000000fe100000, 0x00000000fe200000|  0%| F|  |TAMS 0x00000000fe100000, 0x00000000fe100000| Untracked 
|  34|0x00000000fe200000, 0x00000000fe200000, 0x00000000fe300000|  0%| F|  |TAMS 0x00000000fe200000, 0x00000000fe200000| Untracked 
|  35|0x00000000fe300000, 0x00000000fe300000, 0x00000000fe400000|  0%| F|  |TAMS 0x00000000fe300000, 0x00000000fe300000| Untracked 
|  36|0x00000000fe400000, 0x00000000fe400000, 0x00000000fe500000|  0%| F|  |TAMS 0x00000000fe400000, 0x00000000fe400000| Untracked 
|  37|0x00000000fe500000, 0x00000000fe500000, 0x00000000fe600000|  0%| F|  |TAMS 0x00000000fe500000, 0x00000000fe500000| Untracked 
|  38|0x00000000fe600000, 0x00000000fe689820, 0x00000000fe700000| 53%| S|CS|TAMS 0x00000000fe600000, 0x00000000fe600000| Complete 
|  39|0x00000000fe700000, 0x00000000fe800000, 0x00000000fe800000|100%| S|CS|TAMS 0x00000000fe700000, 0x00000000fe700000| Complete 
|  40|0x00000000fe800000, 0x00000000fe900000, 0x00000000fe900000|100%| S|CS|TAMS 0x00000000fe800000, 0x00000000fe800000| Complete 
|  41|0x00000000fe900000, 0x00000000fe900000, 0x00000000fea00000|  0%| F|  |TAMS 0x00000000fe900000, 0x00000000fe900000| Untracked 
|  42|0x00000000fea00000, 0x00000000fea00000, 0x00000000feb00000|  0%| F|  |TAMS 0x00000000fea00000, 0x00000000fea00000| Untracked 
|  43|0x00000000feb00000, 0x00000000feb00000, 0x00000000fec00000|  0%| F|  |TAMS 0x00000000feb00000, 0x00000000feb00000| Untracked 
|  44|0x00000000fec00000, 0x00000000fec00000, 0x00000000fed00000|  0%| F|  |TAMS 0x00000000fec00000, 0x00000000fec00000| Untracked 
|  45|0x00000000fed00000, 0x00000000fed00000, 0x00000000fee00000|  0%| F|  |TAMS 0x00000000fed00000, 0x00000000fed00000| Untracked 
|  46|0x00000000fee00000, 0x00000000fee00000, 0x00000000fef00000|  0%| F|  |TAMS 0x00000000fee00000, 0x00000000fee00000| Untracked 
|  47|0x00000000fef00000, 0x00000000fef00000, 0x00000000ff000000|  0%| F|  |TAMS 0x00000000fef00000, 0x00000000fef00000| Untracked 
|  48|0x00000000ff000000, 0x00000000ff000000, 0x00000000ff100000|  0%| F|  |TAMS 0x00000000ff000000, 0x00000000ff000000| Untracked 
|  49|0x00000000ff100000, 0x00000000ff100000, 0x00000000ff200000|  0%| F|  |TAMS 0x00000000ff100000, 0x00000000ff100000| Untracked 
|  50|0x00000000ff200000, 0x00000000ff200000, 0x00000000ff300000|  0%| F|  |TAMS 0x00000000ff200000, 0x00000000ff200000| Untracked 
|  51|0x00000000ff300000, 0x00000000ff300000, 0x00000000ff400000|  0%| F|  |TAMS 0x00000000ff300000, 0x00000000ff300000| Untracked 
|  52|0x00000000ff400000, 0x00000000ff400000, 0x00000000ff500000|  0%| F|  |TAMS 0x00000000ff400000, 0x00000000ff400000| Untracked 
|  53|0x00000000ff500000, 0x00000000ff500000, 0x00000000ff600000|  0%| F|  |TAMS 0x00000000ff500000, 0x00000000ff500000| Untracked 
|  54|0x00000000ff600000, 0x00000000ff600000, 0x00000000ff700000|  0%| F|  |TAMS 0x00000000ff600000, 0x00000000ff600000| Untracked 
|  55|0x00000000ff700000, 0x00000000ff700000, 0x00000000ff800000|  0%| F|  |TAMS 0x00000000ff700000, 0x00000000ff700000| Untracked 
|  56|0x00000000ff800000, 0x00000000ff800000, 0x00000000ff900000|  0%| F|  |TAMS 0x00000000ff800000, 0x00000000ff800000| Untracked 
|  57|0x00000000ff900000, 0x00000000ff900000, 0x00000000ffa00000|  0%| F|  |TAMS 0x00000000ff900000, 0x00000000ff900000| Untracked 
|  58|0x00000000ffa00000, 0x00000000ffaaaed0, 0x00000000ffb00000| 66%| E|  |TAMS 0x00000000ffa00000, 0x00000000ffa00000| Complete 
|  59|0x00000000ffb00000, 0x00000000ffc00000, 0x00000000ffc00000|100%| E|CS|TAMS 0x00000000ffb00000, 0x00000000ffb00000| Complete 
|  60|0x00000000ffc00000, 0x00000000ffd00000, 0x00000000ffd00000|100%| E|CS|TAMS 0x00000000ffc00000, 0x00000000ffc00000| Complete 
|  61|0x00000000ffd00000, 0x00000000ffe00000, 0x00000000ffe00000|100%| E|CS|TAMS 0x00000000ffd00000, 0x00000000ffd00000| Complete 
|  62|0x00000000ffe00000, 0x00000000fff00000, 0x00000000fff00000|100%| E|CS|TAMS 0x00000000ffe00000, 0x00000000ffe00000| Complete 
|  63|0x00000000fff00000, 0x0000000100000000, 0x0000000100000000|100%| E|CS|TAMS 0x00000000fff00000, 0x00000000fff00000| Complete 

Card table byte_map: [0x0000013ee7630000,0x0000013ee7650000] _byte_map_base: 0x0000013ee6e50000

Marking Bits (Prev, Next): (CMBitMap*) 0x0000013ee78172b0, (CMBitMap*) 0x0000013ee78172f0
 Prev Bits: [0x0000013ee7670000, 0x0000013ee7770000)
 Next Bits: [0x0000013efe0a0000, 0x0000013efe1a0000)

Polling page: 0x0000013ee5810000

Metaspace:

Usage:
  Non-class:      9.06 MB used.
      Class:      1.32 MB used.
       Both:     10.38 MB used.

Virtual space:
  Non-class space:       64.00 MB reserved,       9.12 MB ( 14%) committed,  1 nodes.
      Class space:        1.00 GB reserved,       1.38 MB ( <1%) committed,  1 nodes.
             Both:        1.06 GB reserved,      10.50 MB ( <1%) committed. 

Chunk freelists:
   Non-Class:  6.26 MB
       Class:  14.51 MB
        Both:  20.78 MB

MaxMetaspaceSize: unlimited
CompressedClassSpaceSize: 1.00 GB
Initial GC threshold: 21.00 MB
Current GC threshold: 21.00 MB
CDS: on
MetaspaceReclaimPolicy: balanced
 - commit_granule_bytes: 65536.
 - commit_granule_words: 8192.
 - virtual_space_node_default_size: 8388608.
 - enlarge_chunks_in_place: 1.
 - new_chunks_are_fully_committed: 0.
 - uncommit_free_chunks: 1.
 - use_allocation_guard: 0.
 - handle_deallocations: 1.


Internal statistics:

num_allocs_failed_limit: 0.
num_arena_births: 94.
num_arena_deaths: 0.
num_vsnodes_births: 2.
num_vsnodes_deaths: 0.
num_space_committed: 168.
num_space_uncommitted: 0.
num_chunks_returned_to_freelist: 0.
num_chunks_taken_from_freelist: 367.
num_chunk_merges: 0.
num_chunk_splits: 252.
num_chunks_enlarged: 209.
num_inconsistent_stats: 0.

CodeHeap 'non-profiled nmethods': size=120000Kb used=860Kb max_used=860Kb free=119140Kb
 bounds [0x0000013ef6b70000, 0x0000013ef6de0000, 0x0000013efe0a0000]
CodeHeap 'profiled nmethods': size=120000Kb used=4127Kb max_used=4127Kb free=115872Kb
 bounds [0x0000013eef0a0000, 0x0000013eef4b0000, 0x0000013ef65d0000]
CodeHeap 'non-nmethods': size=5760Kb used=1190Kb max_used=1231Kb free=4569Kb
 bounds [0x0000013ef65d0000, 0x0000013ef6840000, 0x0000013ef6b70000]
 total_blobs=2605 nmethods=2112 adapters=406
 compilation: enabled
              stopped_count=0, restarted_count=0
 full_count=0

Compilation events (20 events):
Event: 267.673 Thread 0x0000013efe6d6c50 nmethod 2103 0x0000013eef4a5210 code [0x0000013eef4a5400, 0x0000013eef4a5b98]
Event: 270.963 Thread 0x0000013efe6d3ed0 2104       4       java.lang.StringCoding::implEncodeAsciiArray (47 bytes)
Event: 270.975 Thread 0x0000013efe6d3ed0 nmethod 2104 0x0000013ef6c37690 code [0x0000013ef6c37800, 0x0000013ef6c37bd8]
Event: 274.402 Thread 0x0000013efe6d3ed0 2105       4       java.util.AbstractList::equals (117 bytes)
Event: 274.422 Thread 0x0000013efe6d3ed0 nmethod 2105 0x0000013ef6c37d10 code [0x0000013ef6c37f20, 0x0000013ef6c38718]
Event: 274.422 Thread 0x0000013efe6d3ed0 2106       4       org.gradle.internal.logging.console.DefaultWorkInProgressFormatter::format (102 bytes)
Event: 274.539 Thread 0x0000013efe6d3ed0 nmethod 2106 0x0000013ef6c38f10 code [0x0000013ef6c391c0, 0x0000013ef6c3b3e0]
Event: 294.447 Thread 0x0000013efe6d3ed0 2107       4       java.util.ArrayList$Itr::<init> (26 bytes)
Event: 294.482 Thread 0x0000013efe6d3ed0 nmethod 2107 0x0000013ef6c3c510 code [0x0000013ef6c3c680, 0x0000013ef6c3c818]
Event: 302.427 Thread 0x0000013efe6d6c50 2108       3       com.google.common.collect.Lists$ReverseList$1::next (30 bytes)
Event: 302.427 Thread 0x0000013efe6d6c50 nmethod 2108 0x0000013eef4a5d90 code [0x0000013eef4a5f60, 0x0000013eef4a6388]
Event: 302.427 Thread 0x0000013efe6d6c50 2109       3       java.util.ArrayList$ListItr::previous (59 bytes)
Event: 302.428 Thread 0x0000013efe6d6c50 nmethod 2109 0x0000013eef4a6510 code [0x0000013eef4a6700, 0x0000013eef4a6b08]
Event: 302.428 Thread 0x0000013efe6d6c50 2110       3       org.fusesource.jansi.Ansi::fg (17 bytes)
Event: 302.429 Thread 0x0000013efe6d6c50 nmethod 2110 0x0000013eef4a6d10 code [0x0000013eef4a6f20, 0x0000013eef4a76c8]
Event: 316.912 Thread 0x0000013efe6d6c50 2111       3       org.gradle.internal.logging.text.AbstractLineChoppingStyledTextOutput$3::execute (9 bytes)
Event: 316.912 Thread 0x0000013efe6d6c50 nmethod 2111 0x0000013eef4a7a10 code [0x0000013eef4a7bc0, 0x0000013eef4a7e08]
Event: 320.372 Thread 0x0000013efe6d3ed0 2112       4       org.gradle.internal.logging.console.BuildStatusRenderer::onOutput (350 bytes)
Event: 321.597 Thread 0x0000013efe6d3ed0 nmethod 2112 0x0000013ef6c3c890 code [0x0000013ef6c3cf60, 0x0000013ef6c43c58]
Event: 321.599 Thread 0x0000013efe6d3ed0 2113       4       org.gradle.internal.logging.console.WorkInProgressRenderer::onOutput (53 bytes)

GC Heap History (6 events):
Event: 0.923 GC heap before
{Heap before GC invocations=0 (full 0):
 garbage-first heap   total 65536K, used 12288K [0x00000000fc000000, 0x0000000100000000)
  region size 1024K, 13 young (13312K), 0 survivors (0K)
 Metaspace       used 1826K, committed 1920K, reserved 1114112K
  class space    used 168K, committed 192K, reserved 1048576K
}
Event: 0.930 GC heap after
{Heap after GC invocations=1 (full 0):
 garbage-first heap   total 65536K, used 3088K [0x00000000fc000000, 0x0000000100000000)
  region size 1024K, 2 young (2048K), 2 survivors (2048K)
 Metaspace       used 1826K, committed 1920K, reserved 1114112K
  class space    used 168K, committed 192K, reserved 1048576K
}
Event: 1.955 GC heap before
{Heap before GC invocations=1 (full 0):
 garbage-first heap   total 65536K, used 22544K [0x00000000fc000000, 0x0000000100000000)
  region size 1024K, 18 young (18432K), 2 survivors (2048K)
 Metaspace       used 5281K, committed 5440K, reserved 1114112K
  class space    used 695K, committed 768K, reserved 1048576K
}
Event: 1.962 GC heap after
{Heap after GC invocations=2 (full 0):
 garbage-first heap   total 65536K, used 11140K [0x00000000fc000000, 0x0000000100000000)
  region size 1024K, 3 young (3072K), 3 survivors (3072K)
 Metaspace       used 5281K, committed 5440K, reserved 1114112K
  class space    used 695K, committed 768K, reserved 1048576K
}
Event: 85.301 GC heap before
{Heap before GC invocations=2 (full 0):
 garbage-first heap   total 65536K, used 31620K [0x00000000fc000000, 0x0000000100000000)
  region size 1024K, 23 young (23552K), 3 survivors (3072K)
 Metaspace       used 10221K, committed 10368K, reserved 1114112K
  class space    used 1318K, committed 1408K, reserved 1048576K
}
Event: 85.310 GC heap after
{Heap after GC invocations=3 (full 0):
 garbage-first heap   total 65536K, used 13902K [0x00000000fc000000, 0x0000000100000000)
  region size 1024K, 3 young (3072K), 3 survivors (3072K)
 Metaspace       used 10221K, committed 10368K, reserved 1114112K
  class space    used 1318K, committed 1408K, reserved 1048576K
}

Deoptimization events (20 events):
Event: 11.898 Thread 0x0000013ee56f9fb0 DEOPT PACKING pc=0x0000013ef6c064e0 sp=0x0000002065afa6f0
Event: 11.898 Thread 0x0000013ee56f9fb0 DEOPT UNPACKING pc=0x0000013ef66223a3 sp=0x0000002065afa690 mode 2
Event: 12.034 Thread 0x0000013ee56f9fb0 Uncommon trap: trap_request=0xffffff45 fr.pc=0x0000013ef6bbd464 relative=0x0000000000000404
Event: 12.034 Thread 0x0000013ee56f9fb0 Uncommon trap: reason=unstable_if action=reinterpret pc=0x0000013ef6bbd464 method=java.util.regex.Matcher.match(II)Z @ 76 c2
Event: 12.034 Thread 0x0000013ee56f9fb0 DEOPT PACKING pc=0x0000013ef6bbd464 sp=0x0000002065afb9f0
Event: 12.034 Thread 0x0000013ee56f9fb0 DEOPT UNPACKING pc=0x0000013ef66223a3 sp=0x0000002065afb9a8 mode 2
Event: 167.119 Thread 0x0000013ee56f9fb0 Uncommon trap: trap_request=0xffffff45 fr.pc=0x0000013ef6c206dc relative=0x00000000000001bc
Event: 167.119 Thread 0x0000013ee56f9fb0 Uncommon trap: reason=unstable_if action=reinterpret pc=0x0000013ef6c206dc method=com.esotericsoftware.kryo.io.Input.require(I)I @ 65 c2
Event: 167.119 Thread 0x0000013ee56f9fb0 DEOPT PACKING pc=0x0000013ef6c206dc sp=0x0000002065afc400
Event: 167.120 Thread 0x0000013ee56f9fb0 DEOPT UNPACKING pc=0x0000013ef66223a3 sp=0x0000002065afc3b0 mode 2
Event: 168.605 Thread 0x0000013ee56f9fb0 DEOPT PACKING pc=0x0000013eef42accd sp=0x0000002065afc3e0
Event: 168.606 Thread 0x0000013ee56f9fb0 DEOPT UNPACKING pc=0x0000013ef6622b43 sp=0x0000002065afb878 mode 0
Event: 168.608 Thread 0x0000013ee56f9fb0 DEOPT PACKING pc=0x0000013eef42accd sp=0x0000002065afc3e0
Event: 168.609 Thread 0x0000013ee56f9fb0 DEOPT UNPACKING pc=0x0000013ef6622b43 sp=0x0000002065afb878 mode 0
Event: 209.857 Thread 0x0000013eff1710d0 Uncommon trap: trap_request=0xffffff45 fr.pc=0x0000013ef6c1b220 relative=0x0000000000000520
Event: 209.857 Thread 0x0000013eff1710d0 Uncommon trap: reason=unstable_if action=reinterpret pc=0x0000013ef6c1b220 method=org.gradle.internal.logging.text.AbstractLineChoppingStyledTextOutput$2.execute(Lorg/gradle/internal/logging/text/AbstractLineChoppingStyledTextOutput$StateContext;)V @ 34 c
Event: 209.857 Thread 0x0000013eff1710d0 DEOPT PACKING pc=0x0000013ef6c1b220 sp=0x00000020671fe9d0
Event: 209.857 Thread 0x0000013eff1710d0 DEOPT UNPACKING pc=0x0000013ef66223a3 sp=0x00000020671fe858 mode 2
Event: 270.963 Thread 0x0000013eff1710d0 DEOPT PACKING pc=0x0000013eef412c83 sp=0x00000020671fe780
Event: 270.963 Thread 0x0000013eff1710d0 DEOPT UNPACKING pc=0x0000013ef6622b43 sp=0x00000020671fdbf0 mode 0

Classes unloaded (0 events):
No events

Classes redefined (0 events):
No events

Internal exceptions (20 events):
Event: 1.676 Thread 0x0000013ee56f9fb0 Exception <a 'java/lang/NoSuchMethodError'{0x00000000ff5b1740}: 'java.lang.Object java.lang.invoke.DirectMethodHandle$Holder.invokeStatic(java.lang.Object, java.lang.Object, int)'> (0x00000000ff5b1740) 
thrown [s\open\src\hotspot\share\interpreter\linkResolver.cpp, line 759]
Event: 1.679 Thread 0x0000013ee56f9fb0 Exception <a 'java/lang/NoSuchMethodError'{0x00000000ff5bd430}: 'void java.lang.invoke.DelegatingMethodHandle$Holder.delegate(java.lang.Object, java.lang.Object, int, java.lang.Object)'> (0x00000000ff5bd430) 
thrown [s\open\src\hotspot\share\interpreter\linkResolver.cpp, line 759]
Event: 1.680 Thread 0x0000013ee56f9fb0 Exception <a 'java/lang/NoSuchMethodError'{0x00000000ff5c1578}: 'int java.lang.invoke.DirectMethodHandle$Holder.invokeSpecial(java.lang.Object, java.lang.Object, java.lang.Object)'> (0x00000000ff5c1578) 
thrown [s\open\src\hotspot\share\interpreter\linkResolver.cpp, line 759]
Event: 1.685 Thread 0x0000013ee56f9fb0 Exception <a 'java/lang/NoSuchMethodError'{0x00000000ff5d46c0}: 'java.lang.Object java.lang.invoke.Invokers$Holder.invokeExact_MT(java.lang.Object, java.lang.Object, java.lang.Object, java.lang.Object)'> (0x00000000ff5d46c0) 
thrown [s\open\src\hotspot\share\interpreter\linkResolver.cpp, line 759]
Event: 2.002 Thread 0x0000013ee56f9fb0 Exception <a 'java/lang/NoSuchMethodError'{0x00000000ffe55cb0}: 'void java.lang.invoke.DirectMethodHandle$Holder.invokeSpecial(java.lang.Object, java.lang.Object, java.lang.Object)'> (0x00000000ffe55cb0) 
thrown [s\open\src\hotspot\share\interpreter\linkResolver.cpp, line 759]
Event: 2.017 Thread 0x0000013ee56f9fb0 Implicit null exception at 0x0000013ef6bc588a to 0x0000013ef6bc5dc4
Event: 2.018 Thread 0x0000013ee56f9fb0 Implicit null exception at 0x0000013ef6bbe00f to 0x0000013ef6bbe554
Event: 2.073 Thread 0x0000013ee56f9fb0 Exception <a 'java/lang/NoSuchMethodError'{0x00000000ffdc8838}: 'java.lang.Object java.lang.invoke.DirectMethodHandle$Holder.invokeStaticInit(java.lang.Object)'> (0x00000000ffdc8838) 
thrown [s\open\src\hotspot\share\interpreter\linkResolver.cpp, line 759]
Event: 2.152 Thread 0x0000013ee56f9fb0 Exception <a 'java/lang/NoSuchMethodError'{0x00000000ffc639a8}: 'int java.lang.invoke.DirectMethodHandle$Holder.invokeVirtual(java.lang.Object, java.lang.Object, java.lang.Object)'> (0x00000000ffc639a8) 
thrown [s\open\src\hotspot\share\interpreter\linkResolver.cpp, line 759]
Event: 2.161 Thread 0x0000013ee56f9fb0 Exception <a 'java/lang/NoSuchMethodError'{0x00000000ffcc7620}: 'java.lang.Object java.lang.invoke.DirectMethodHandle$Holder.invokeVirtual(java.lang.Object, java.lang.Object, java.lang.Object)'> (0x00000000ffcc7620) 
thrown [s\open\src\hotspot\share\interpreter\linkResolver.cpp, line 759]
Event: 2.348 Thread 0x0000013ee56f9fb0 Exception <a 'java/lang/NoSuchMethodError'{0x00000000ff83d5c8}: 'java.lang.Object java.lang.invoke.DirectMethodHandle$Holder.invokeStaticInit(java.lang.Object, int, int, int, int)'> (0x00000000ff83d5c8) 
thrown [s\open\src\hotspot\share\interpreter\linkResolver.cpp, line 759]
Event: 2.508 Thread 0x0000013ee56f9fb0 Exception <a 'java/lang/NoSuchMethodError'{0x00000000ff715e38}: 'java.lang.Object java.lang.invoke.DirectMethodHandle$Holder.invokeStaticInit(java.lang.Object, java.lang.Object, int, int, int, int)'> (0x00000000ff715e38) 
thrown [s\open\src\hotspot\share\interpreter\linkResolver.cpp, line 759]
Event: 3.284 Thread 0x0000013ee56f9fb0 Exception <a 'java/lang/NoSuchMethodError'{0x00000000ff743370}: 'void java.lang.invoke.DirectMethodHandle$Holder.invokeStatic(java.lang.Object, java.lang.Object, java.lang.Object)'> (0x00000000ff743370) 
thrown [s\open\src\hotspot\share\interpreter\linkResolver.cpp, line 759]
Event: 3.327 Thread 0x0000013ee56f9fb0 Implicit null exception at 0x0000013ef6ba45f2 to 0x0000013ef6ba4bc8
Event: 3.327 Thread 0x0000013ee56f9fb0 Implicit null exception at 0x0000013ef6ba5f72 to 0x0000013ef6ba6558
Event: 3.714 Thread 0x0000013ec71329e0 Exception <a 'java/lang/NoSuchMethodError'{0x00000000ff0784e0}: 'void java.lang.invoke.DirectMethodHandle$Holder.invokeStatic(java.lang.Object, long)'> (0x00000000ff0784e0) 
thrown [s\open\src\hotspot\share\interpreter\linkResolver.cpp, line 759]
Event: 3.716 Thread 0x0000013ec71329e0 Exception <a 'java/lang/NoSuchMethodError'{0x00000000ff07de38}: 'java.lang.Object java.lang.invoke.DirectMethodHandle$Holder.newInvokeSpecial(java.lang.Object, long)'> (0x00000000ff07de38) 
thrown [s\open\src\hotspot\share\interpreter\linkResolver.cpp, line 759]
Event: 3.719 Thread 0x0000013ec71329e0 Exception <a 'java/lang/NoSuchMethodError'{0x00000000ff0889e0}: 'java.lang.Object java.lang.invoke.DirectMethodHandle$Holder.invokeStaticInit(java.lang.Object, java.lang.Object, long, java.lang.Object)'> (0x00000000ff0889e0) 
thrown [s\open\src\hotspot\share\interpreter\linkResolver.cpp, line 759]
Event: 3.720 Thread 0x0000013ec71329e0 Exception <a 'java/lang/NoSuchMethodError'{0x00000000ff08f068}: 'java.lang.Object java.lang.invoke.DirectMethodHandle$Holder.newInvokeSpecial(java.lang.Object, java.lang.Object, long)'> (0x00000000ff08f068) 
thrown [s\open\src\hotspot\share\interpreter\linkResolver.cpp, line 759]
Event: 3.721 Thread 0x0000013ec71329e0 Exception <a 'java/lang/NoSuchMethodError'{0x00000000ff093358}: 'java.lang.Object java.lang.invoke.Invokers$Holder.linkToTargetMethod(java.lang.Object, long, java.lang.Object)'> (0x00000000ff093358) 
thrown [s\open\src\hotspot\share\interpreter\linkResolver.cpp, line 759]

VM Operations (20 events):
Event: 222.856 Executing VM operation: Cleanup
Event: 222.856 Executing VM operation: Cleanup done
Event: 225.881 Executing VM operation: Cleanup
Event: 225.881 Executing VM operation: Cleanup done
Event: 228.904 Executing VM operation: Cleanup
Event: 228.904 Executing VM operation: Cleanup done
Event: 229.904 Executing VM operation: Cleanup
Event: 229.904 Executing VM operation: Cleanup done
Event: 230.905 Executing VM operation: Cleanup
Event: 230.905 Executing VM operation: Cleanup done
Event: 231.912 Executing VM operation: Cleanup
Event: 231.932 Executing VM operation: Cleanup done
Event: 238.972 Executing VM operation: Cleanup
Event: 238.972 Executing VM operation: Cleanup done
Event: 256.095 Executing VM operation: Cleanup
Event: 256.095 Executing VM operation: Cleanup done
Event: 257.100 Executing VM operation: Cleanup
Event: 257.100 Executing VM operation: Cleanup done
Event: 260.120 Executing VM operation: Cleanup
Event: 260.120 Executing VM operation: Cleanup done

Events (20 events):
Event: 170.564 loading class jdk/internal/logger/LazyLoggers$1
Event: 170.564 loading class jdk/internal/logger/LazyLoggers$1 done
Event: 170.565 loading class jdk/internal/logger/LazyLoggers$LazyLoggerFactories
Event: 170.565 loading class jdk/internal/logger/LazyLoggers$LazyLoggerFactories done
Event: 170.566 loading class jdk/internal/logger/LoggerFinderLoader
Event: 170.566 loading class jdk/internal/logger/LoggerFinderLoader done
Event: 170.567 loading class sun/util/logging/internal/LoggingProviderImpl$JULWrapper
Event: 170.567 loading class sun/util/logging/PlatformLogger$ConfigurableBridge$LoggerConfiguration
Event: 170.567 loading class sun/util/logging/PlatformLogger$ConfigurableBridge$LoggerConfiguration done
Event: 170.567 loading class sun/util/logging/internal/LoggingProviderImpl$JULWrapper done
Event: 170.568 loading class java/io/ObjectInputFilter
Event: 170.568 loading class java/io/ObjectInputFilter done
Event: 170.568 loading class java/io/ObjectInputFilter$Config$BuiltinFilterFactory
Event: 170.568 loading class java/io/ObjectInputFilter$Config$BuiltinFilterFactory done
Event: 170.568 loading class jdk/internal/access/JavaObjectInputFilterAccess
Event: 170.569 loading class jdk/internal/access/JavaObjectInputFilterAccess done
Event: 170.571 loading class java/lang/System$Logger$Level
Event: 170.571 loading class java/lang/System$Logger$Level done
Event: 170.571 loading class java/io/Bits
Event: 170.571 loading class java/io/Bits done


Dynamic libraries:
0x00007ff6fd610000 - 0x00007ff6fd620000 	C:\Program Files\Java\jdk-17\bin\java.exe
0x00007ff844310000 - 0x00007ff844508000 	C:\WINDOWS\SYSTEM32\ntdll.dll
0x00007ff843200000 - 0x00007ff8432c1000 	C:\WINDOWS\System32\KERNEL32.DLL
0x00007ff8419f0000 - 0x00007ff841ced000 	C:\WINDOWS\System32\KERNELBASE.dll
0x00007ff841f10000 - 0x00007ff842010000 	C:\WINDOWS\System32\ucrtbase.dll
0x00007ff82ded0000 - 0x00007ff82deeb000 	C:\Program Files\Java\jdk-17\bin\VCRUNTIME140.dll
0x00007ff82deb0000 - 0x00007ff82dec9000 	C:\Program Files\Java\jdk-17\bin\jli.dll
0x00007ff842600000 - 0x00007ff8426b0000 	C:\WINDOWS\System32\ADVAPI32.dll
0x00007ff843ac0000 - 0x00007ff843b5e000 	C:\WINDOWS\System32\msvcrt.dll
0x00007ff842490000 - 0x00007ff842530000 	C:\WINDOWS\System32\sechost.dll
0x00007ff843300000 - 0x00007ff843423000 	C:\WINDOWS\System32\RPCRT4.dll
0x00007ff841d80000 - 0x00007ff841da7000 	C:\WINDOWS\System32\bcrypt.dll
0x00007ff843790000 - 0x00007ff84392d000 	C:\WINDOWS\System32\USER32.dll
0x00007ff8419c0000 - 0x00007ff8419e2000 	C:\WINDOWS\System32\win32u.dll
0x00007ff82f630000 - 0x00007ff82f8ca000 	C:\WINDOWS\WinSxS\amd64_microsoft.windows.common-controls_6595b64144ccf1df_6.0.19041.4355_none_60b8b9eb71f62e16\COMCTL32.dll
0x00007ff8432d0000 - 0x00007ff8432fb000 	C:\WINDOWS\System32\GDI32.dll
0x00007ff8421b0000 - 0x00007ff8422c7000 	C:\WINDOWS\System32\gdi32full.dll
0x00007ff842060000 - 0x00007ff8420fd000 	C:\WINDOWS\System32\msvcp_win.dll
0x00007ff839240000 - 0x00007ff83924a000 	C:\WINDOWS\SYSTEM32\VERSION.dll
0x00007ff842840000 - 0x00007ff84286f000 	C:\WINDOWS\System32\IMM32.DLL
0x00007ff83ecd0000 - 0x00007ff83ecdc000 	C:\Program Files\Java\jdk-17\bin\vcruntime140_1.dll
0x00007ff817af0000 - 0x00007ff817b7e000 	C:\Program Files\Java\jdk-17\bin\msvcp140.dll
0x00007fffd2a50000 - 0x00007fffd3631000 	C:\Program Files\Java\jdk-17\bin\server\jvm.dll
0x00007ff843ab0000 - 0x00007ff843ab8000 	C:\WINDOWS\System32\PSAPI.DLL
0x00007ff83de40000 - 0x00007ff83de49000 	C:\WINDOWS\SYSTEM32\WSOCK32.dll
0x00007ff842bd0000 - 0x00007ff842c3b000 	C:\WINDOWS\System32\WS2_32.dll
0x00007ff832520000 - 0x00007ff832547000 	C:\WINDOWS\SYSTEM32\WINMM.dll
0x00007ff83f840000 - 0x00007ff83f852000 	C:\WINDOWS\SYSTEM32\kernel.appcore.dll
0x00007ff83d540000 - 0x00007ff83d54a000 	C:\Program Files\Java\jdk-17\bin\jimage.dll
0x00007ff832170000 - 0x00007ff832354000 	C:\WINDOWS\SYSTEM32\DBGHELP.DLL
0x00007ff831240000 - 0x00007ff831274000 	C:\WINDOWS\SYSTEM32\dbgcore.DLL
0x00007ff841cf0000 - 0x00007ff841d72000 	C:\WINDOWS\System32\bcryptPrimitives.dll
0x00007ff82de80000 - 0x00007ff82dea5000 	C:\Program Files\Java\jdk-17\bin\java.dll
0x00007fffecf50000 - 0x00007fffed027000 	C:\Program Files\Java\jdk-17\bin\jsvml.dll
0x00007ff843b60000 - 0x00007ff8442cf000 	C:\WINDOWS\System32\SHELL32.dll
0x00007ff83fa40000 - 0x00007ff8401df000 	C:\WINDOWS\SYSTEM32\windows.storage.dll
0x00007ff842870000 - 0x00007ff842bc3000 	C:\WINDOWS\System32\combase.dll
0x00007ff8413e0000 - 0x00007ff84140e000 	C:\WINDOWS\SYSTEM32\Wldp.dll
0x00007ff8434b0000 - 0x00007ff84357d000 	C:\WINDOWS\System32\OLEAUT32.dll
0x00007ff842c40000 - 0x00007ff842ced000 	C:\WINDOWS\System32\SHCORE.dll
0x00007ff842340000 - 0x00007ff842395000 	C:\WINDOWS\System32\shlwapi.dll
0x00007ff8418f0000 - 0x00007ff841914000 	C:\WINDOWS\SYSTEM32\profapi.dll
0x00007ff82d2e0000 - 0x00007ff82d2f9000 	C:\Program Files\Java\jdk-17\bin\net.dll
0x00007ff83a150000 - 0x00007ff83a25d000 	C:\WINDOWS\SYSTEM32\WINHTTP.dll
0x00007ff841140000 - 0x00007ff8411aa000 	C:\WINDOWS\system32\mswsock.dll
0x00007ff82c560000 - 0x00007ff82c576000 	C:\Program Files\Java\jdk-17\bin\nio.dll
0x00007ff82bfb0000 - 0x00007ff82bfc8000 	C:\Program Files\Java\jdk-17\bin\zip.dll
0x00007ff83d4c0000 - 0x00007ff83d4d0000 	C:\Program Files\Java\jdk-17\bin\verify.dll
0x00007ff8315c0000 - 0x00007ff8315e7000 	C:\Users\AJ\.gradle\native\c067742578af261105cb4f569cf0c3c89f3d7b1fecec35dd04571415982c5e48\windows-amd64\native-platform.dll
0x00007ff83ed20000 - 0x00007ff83ed2a000 	C:\Users\AJ\.gradle\native\jansi\1.18\windows64\jansi.dll
0x00007ff83d400000 - 0x00007ff83d40a000 	C:\Program Files\Java\jdk-17\bin\management.dll
0x00007ff836100000 - 0x00007ff83610b000 	C:\Program Files\Java\jdk-17\bin\management_ext.dll
0x00007ff841330000 - 0x00007ff841348000 	C:\WINDOWS\SYSTEM32\CRYPTSP.dll
0x00007ff8409f0000 - 0x00007ff840a24000 	C:\WINDOWS\system32\rsaenh.dll
0x00007ff841860000 - 0x00007ff84188e000 	C:\WINDOWS\SYSTEM32\USERENV.dll
0x00007ff841350000 - 0x00007ff84135c000 	C:\WINDOWS\SYSTEM32\CRYPTBASE.dll
0x00007ff840dd0000 - 0x00007ff840e0b000 	C:\WINDOWS\SYSTEM32\IPHLPAPI.DLL
0x00007ff842480000 - 0x00007ff842488000 	C:\WINDOWS\System32\NSI.dll
0x00007ff83aa20000 - 0x00007ff83aa37000 	C:\WINDOWS\SYSTEM32\dhcpcsvc6.DLL
0x00007ff83b710000 - 0x00007ff83b72d000 	C:\WINDOWS\SYSTEM32\dhcpcsvc.DLL
0x00007ff840e20000 - 0x00007ff840eea000 	C:\WINDOWS\SYSTEM32\DNSAPI.dll
0x00007ff836150000 - 0x00007ff83615e000 	C:\Program Files\Java\jdk-17\bin\sunmscapi.dll
0x00007ff841db0000 - 0x00007ff841f0e000 	C:\WINDOWS\System32\CRYPT32.dll
0x00007ff841450000 - 0x00007ff841479000 	C:\WINDOWS\SYSTEM32\ncrypt.dll
0x00007ff841410000 - 0x00007ff84144b000 	C:\WINDOWS\SYSTEM32\NTASN1.dll
0x00007ff822290000 - 0x00007ff822297000 	C:\WINDOWS\system32\wshunix.dll

dbghelp: loaded successfully - version: 4.0.5 - missing functions: none
symbol engine: initialized successfully - sym options: 0x614 - pdb path: .;C:\Program Files\Java\jdk-17\bin;C:\WINDOWS\SYSTEM32;C:\WINDOWS\WinSxS\amd64_microsoft.windows.common-controls_6595b64144ccf1df_6.0.19041.4355_none_60b8b9eb71f62e16;C:\Program Files\Java\jdk-17\bin\server;C:\Users\AJ\.gradle\native\c067742578af261105cb4f569cf0c3c89f3d7b1fecec35dd04571415982c5e48\windows-amd64;C:\Users\AJ\.gradle\native\jansi\1.18\windows64

VM Arguments:
jvm_args: -Xmx64m -Xms64m -Dorg.gradle.appname=gradlew 
java_command: org.gradle.wrapper.GradleWrapperMain clean build
java_class_path (initial): E:\BridgeZones\BridgeZones\android\\gradle\wrapper\gradle-wrapper.jar
Launcher Type: SUN_STANDARD

[Global flags]
     intx CICompilerCount                          = 3                                         {product} {ergonomic}
     uint ConcGCThreads                            = 1                                         {product} {ergonomic}
     uint G1ConcRefinementThreads                  = 4                                         {product} {ergonomic}
   size_t G1HeapRegionSize                         = 1048576                                   {product} {ergonomic}
    uintx GCDrainStackTargetSize                   = 64                                        {product} {ergonomic}
   size_t InitialHeapSize                          = 67108864                                  {product} {command line}
   size_t MarkStackSize                            = 4194304                                   {product} {ergonomic}
   size_t MaxHeapSize                              = 67108864                                  {product} {command line}
   size_t MaxNewSize                               = 39845888                                  {product} {ergonomic}
   size_t MinHeapDeltaBytes                        = 1048576                                   {product} {ergonomic}
   size_t MinHeapSize                              = 67108864                                  {product} {command line}
    uintx NonNMethodCodeHeapSize                   = 5832780                                {pd product} {ergonomic}
    uintx NonProfiledCodeHeapSize                  = 122912730                              {pd product} {ergonomic}
    uintx ProfiledCodeHeapSize                     = 122912730                              {pd product} {ergonomic}
    uintx ReservedCodeCacheSize                    = 251658240                              {pd product} {ergonomic}
     bool SegmentedCodeCache                       = true                                      {product} {ergonomic}
   size_t SoftMaxHeapSize                          = 67108864                               {manageable} {ergonomic}
     bool UseCompressedClassPointers               = true                           {product lp64_product} {ergonomic}
     bool UseCompressedOops                        = true                           {product lp64_product} {ergonomic}
     bool UseG1GC                                  = true                                      {product} {ergonomic}
     bool UseLargePagesIndividualAllocation        = false                                  {pd product} {ergonomic}

Logging:
Log output configuration:
 #0: stdout all=warning uptime,level,tags
 #1: stderr all=off uptime,level,tags

Environment Variables:
JAVA_HOME=C:\Program Files\Java\jdk-17
CLASSPATH=E:\BridgeZones\BridgeZones\android\\gradle\wrapper\gradle-wrapper.jar
PATH=C:\Program Files\Common Files\Oracle\Java\javapath;C:\Program Files (x86)\OpenLogic\jre-8.0.382.05-hotspot\bin;C:\Program Files\Microsoft\jdk-11.0.18.10-hotspot\bin;C:\ProgramData\chocolatey\bin;C:\Users\AJ\AppData\Local\Android\Sdk\platform-tools;C:\WINDOWS\system32;C:\WINDOWS;C:\WINDOWS\System32\Wbem;C:\WINDOWS\System32\WindowsPowerShell\v1.0\;C:\WINDOWS\System32\OpenSSH\;C:\Users\AJ\AppData\Local\Programs\Python\Python312\;C:\Users\AJ\AppData\Local\Programs\Python\Python312\Scripts\;C:\Program Files\Git\cmd;C:\Program Files\Git\bin;C:\Program Files\nodejs\;C:\Program Files (x86)\Microsoft SQL Server\160\Tools\Binn\;C:\Program Files\Microsoft SQL Server\160\Tools\Binn\;C:\Program Files\Microsoft SQL Server\Client SDK\ODBC\170\Tools\Binn\;C:\Program Files\Microsoft SQL Server\160\DTS\Binn\;C:\Users\AJ\AppData\Local\Programs\Python\Launcher\;C:\Users\AJ\AppData\Local\Microsoft\WindowsApps;C:\Users\AJ\AppData\Local\Programs\Microsoft VS Code\bin;C:\Users\AJ\AppData\Local\Android\Sdk\platform-tools;C:\Users\AJ\AppData\Roaming\npm;C:\Users\AJ\AppData\Local\JetBrains\IntelliJ IDEA 2024.1.3\bin;
USERNAME=AJ
LANG=en_US.UTF-8
OS=Windows_NT
PROCESSOR_IDENTIFIER=Intel64 Family 6 Model 69 Stepping 1, GenuineIntel



---------------  S Y S T E M  ---------------

OS:
 Windows 10 , 64 bit Build 19041 (10.0.19041.4717)
OS uptime: 0 days 20:16 hours

CPU: total 4 (initial active 4) (2 cores per cpu, 2 threads per core) family 6 model 69 stepping 1 microcode 0x25, cx8, cmov, fxsr, ht, mmx, sse, sse2, sse3, ssse3, sse4.1, sse4.2, popcnt, lzcnt, tsc, tscinvbit, avx, avx2, aes, erms, clmul, bmi1, bmi2, fma, vzeroupper, clflush

Memory: 4k page, system-wide physical 7878M (452M free)
TotalPageFile size 18027M (AvailPageFile size 6M)
current process WorkingSet (physical memory assigned to process): 102M, peak: 105M
current process commit charge ("private bytes"): 180M, peak: 183M

vm_info: Java HotSpot(TM) 64-Bit Server VM (17.0.9+11-LTS-201) for windows-amd64 JRE (17.0.9+11-LTS-201), built on Oct 10 2023 23:16:06 by "mach5one" with MS VC++ 17.1 (VS2022)

END.
